vuser_end.c(3):     if(!this.activated)throw new Error("Outlet is not activated");return this._activatedRoute}
vuser_end.c(3):     },{key:"activatedRouteData",get:function(){return this._activatedRoute?this._activatedRout
vuser_end.c(3):     e.snapshot.data:{}}}]),t}();return t.\\u0275fac=function(e){return new(e||t)(f.Mb(dn),f.Mb
vuser_end.c(3):     (f.Q),f.Mb(f.j),f.Xb("name"),f.Mb(f.h))},t.\\u0275dir=f.Hb({type:t,selectors:[["router-out
vuser_end.c(3):     let"]],outputs:{activateEvents:"activate",deactivateEvents:"deactivate"},exportAs:["outlet
vuser_end.c(3):     "]}),t}(),kn=function(){function t(e,n,i){Object(l.a)(this,t),this.route=e,this.childConte
vuser_end.c(3):     xts=n,this.parent=i}return Object(s.a)(t,[{key:"get",value:function(t,e){return t===Qt?thi
vuser_end.c(3):     s.route:t===dn?this.childContexts:this.parent.get(t,e)}}]),t}(),On=function t(){Object(l.a
vuser_end.c(3):     )(this,t)},wn=function(){function t(){Object(l.a)(this,t)}return Object(s.a)(t,[{key:"prel
vuser_end.c(3):     oad",value:function(t,e){return e().pipe(Object(z.a)((function(){return Object(d.a)(null)}
vuser_end.c(3):     )))}}]),t}(),jn=function(){function t(){Object(l.a)(this,t)}return Object(s.a)(t,[{key:"pr
vuser_end.c(3):     eload",value:function(t,e){return Object(d.a)(null)}}]),t}(),Cn=function(){var t=function(
vuser_end.c(3):     ){function t(e,n,i,r,o){Object(l.a)(this,t),this.router=e,this.injector=r,this.preloadingS
vuser_end.c(3):     trategy=o,this.loader=new hn(n,i,(function(t){return e.triggerEvent(new at(t))}),(function
vuser_end.c(3):     (t){return e.triggerEvent(new st(t))}))}return Object(s.a)(t,[{key:"setUpPreloading",value
vuser_end.c(3):     :function(){var t=this;this.subscription=this.router.events.pipe(Object(j.a)((function(t){
vuser_end.c(3):     return t instanceof Q})),Object(W.a)((function(){return t.preload()}))).subscribe((functio
vuser_end.c(3):     n(){}))}},{key:"preload",value:function(){var t=this.injector.get(f.y);return this.process
vuser_end.c(3):     Routes(t,this.router.config)}},{key:"ngOnDestroy",value:function(){this.subscription&&this
vuser_end.c(3):     .subscription.unsubscribe()}},{key:"processRoutes",value:function(t,e){var n,i=[],r=Object
vuser_end.c(3):     (o.a)(e);try{for(r.s();!(n=r.n()).done;){var a=n.value;if(a.loadChildren&&!a.canLoad&&a._l
vuser_end.c(3):     oadedConfig){var s=a._loadedConfig;i.push(this.processRoutes(s.module,s.routes))}else a.lo
vuser_end.c(3):     adChildren&&!a.canLoad?i.push(this.preloadConfig(t,a)):a.children&&i.push(this.processRout
vuser_end.c(3):     es(t,a.children))}}catch(u){r.e(u)}finally{r.f()}return Object(p.a)(i).pipe(Object(J.a)(),
vuser_end.c(3):     Object(O.a)((function(t){})))}},{key:"preloadConfig",value:function(t,e){var n=this;return
vuser_end.c(3):      this.preloadingStrategy.preload(e,(function(){return n.loader.load(t.injector,e).pipe(Obj
vuser_end.c(3):     ect(q.a)((function(t){return e._loadedConfig=t,n.processRoutes(t.module,t.routes)})))}))}}
vuser_end.c(3):     ]),t}();return t.\\u0275fac=function(e){return new(e||t)(f.Wb(gn),f.Wb(f.x),f.Wb(f.i),f.Wb
vuser_end.c(3):     (f.s),f.Wb(On))},t.\\u0275prov=f.Ib({token:t,factory:t.\\u0275fac}),t}(),Sn=function(){var
vuser_end.c(3):      t=function(){function t(e,n){var i=arguments.length>2&&void 0!==arguments[2]?arguments[2]
vuser_end.c(3):     :{};Object(l.a)(this,t),this.router=e,this.viewportScroller=n,this.options=i,this.lastId=0
vuser_end.c(3):     ,this.lastSource="imperative",this.restoredId=0,this.store={},i.scrollPositionRestoration=
vuser_end.c(3):     i.scrollPositionRestoration||"disabled",i.anchorScrolling=i.anchorScrolling||"disabled"}re
vuser_end.c(3):     turn Object(s.a)(t,[{key:"init",value:function(){"disabled"!==this.options.scrollPositionR
vuser_end.c(3):     estoration&&this.viewportScroller.setHistoryScrollRestoration("manual"),this.routerEventsS
vuser_end.c(3):     ubscription=this.createScrollEvents(),this.scrollEventsSubscription=this.consumeScrollEven
vuser_end.c(3):     ts()}},{key:"createScrollEvents",value:function(){var t=this;return this.router.events.sub
vuser_end.c(3):     scribe((function(e){e instanceof $?(t.store[t.lastId]=t.viewportScroller.getScrollPosition
vuser_end.c(3):     (),t.lastSource=e.navigationTrigger,t.restoredId=e.restoredState?e.restoredState.navigatio
vuser_end.c(3):     nId:0):e instanceof Q&&(t.lastId=e.id,t.scheduleScrollEvent(e,t.router.parseUrl(e.urlAfter
vuser_end.c(3):     Redirects).fragment))}))}},{key:"consumeScrollEvents",value:function(){var t=this;return t
vuser_end.c(3):     his.router.events.subscribe((function(e){e instanceof ft&&(e.position?"top"===t.options.sc
vuser_end.c(3):     rollPositionRestoration?t.viewportScroller.scrollToPosition([0,0]):"enabled"===t.options.s
vuser_end.c(3):     crollPositionRestoration&&t.viewportScroller.scrollToPosition(e.position):e.anchor&&"enabl
vuser_end.c(3):     ed"===t.options.anchorScrolling?t.viewportScroller.scrollToAnchor(e.anchor):"disabled"!==t
vuser_end.c(3):     .options.scrollPositionRestoration&&t.viewportScroller.scrollToPosition([0,0]))}))}},{key:
vuser_end.c(3):     "scheduleScrollEvent",value:function(t,e){this.router.triggerEvent(new ft(t,"popstate"===t
vuser_end.c(3):     his.lastSource?this.store[this.restoredId]:null,e))}},{key:"ngOnDestroy",value:function(){
vuser_end.c(3):     this.routerEventsSubscription&&this.routerEventsSubscription.unsubscribe(),this.scrollEven
vuser_end.c(3):     tsSubscription&&this.scrollEventsSubscription.unsubscribe()}}]),t}();return t.\\u0275fac=f
vuser_end.c(3):     unction(e){return new(e||t)(f.Wb(gn),f.Wb(h.u),f.Wb(void 0))},t.\\u0275prov=f.Ib({token:t,
vuser_end.c(3):     factory:t.\\u0275fac}),t}(),xn=new f.r("ROUTER_CONFIGURATION"),En=new f.r("ROUTER_FORROOT_
vuser_end.c(3):     GUARD"),An=[h.h,{provide:Tt,useClass:It},{provide:gn,useFactory:function(t,e,n,i,r,o,a){va
vuser_end.c(3):     r s=arguments.length>7&&void 0!==arguments[7]?arguments[7]:{},u=arguments.length>8?argumen
vuser_end.c(3):     ts[8]:void 0,c=arguments.length>9?arguments[9]:void 0,l=new gn(null,t,e,n,i,r,o,_t(a));if(
vuser_end.c(3):     u&&(l.urlHandlingStrategy=u),c&&(l.routeReuseStrategy=c),s.errorHandler&&(l.errorHandler=s
vuser_end.c(3):     .errorHandler),s.malformedUriErrorHandler&&(l.malformedUriErrorHandler=s.malformedUriError
vuser_end.c(3):     Handler),s.enableTracing){var f=Object(h.B)();l.events.subscribe((function(t){f.logGroup("
vuser_end.c(3):     Router Event: ".concat(t.constructor.name)),f.log(t.toString()),f.log(t),f.logGroupEnd()})
vuser_end.c(3):     )}return s.onSameUrlNavigation&&(l.onSameUrlNavigation=s.onSameUrlNavigation),s.paramsInhe
vuser_end.c(3):     ritanceStrategy&&(l.paramsInheritanceStrategy=s.paramsInheritanceStrategy),s.urlUpdateStra
vuser_end.c(3):     tegy&&(l.urlUpdateStrategy=s.urlUpdateStrategy),s.relativeLinkResolution&&(l.relativeLinkR
vuser_end.c(3):     esolution=s.relativeLinkResolution),l},deps:[Tt,dn,h.h,f.s,f.x,f.i,ln,xn,[function t(){Obj
vuser_end.c(3):     ect(l.a)(this,t)},new f.B],[function t(){Object(l.a)(this,t)},new f.B]]},dn,{provide:Qt,us
vuser_end.c(3):     eFactory:function(t){return t.routerState.root},deps:[gn]},{provide:f.x,useClass:f.L},Cn,j
vuser_end.c(3):     n,wn,{provide:xn,useValue:{enableTracing:!1}}];function Tn(){return new f.z("Router",gn)}v
vuser_end.c(3):     ar In=function(){var t=function(){function t(e,n){Object(l.a)(this,t)}return Object(s.a)(t
vuser_end.c(3):     ,null,[{key:"forRoot",value:function(e,n){return{ngModule:t,providers:[An,Dn(e),{provide:E
vuser_end.c(3):     n,useFactory:Nn,deps:[[gn,new f.B,new f.K]]},{provide:xn,useValue:n||{}},{provide:h.i,useF
vuser_end.c(3):     actory:Pn,deps:[h.t,[new f.q(h.a),new f.B],xn]},{provide:Sn,useFactory:Rn,deps:[gn,h.u,xn]
vuser_end.c(3):     },{provide:On,useExisting:n&&n.preloadingStrategy?n.preloadingStrategy:jn},{provide:f.z,mu
vuser_end.c(3):     lti:!0,useFactory:Tn},[Mn,{provide:f.d,multi:!0,useFactory:Vn,deps:[Mn]},{provide:Ln,useFa
vuser_end.c(3):     ctory:Fn,deps:[Mn]},{provide:f.b,multi:!0,useExisting:Ln}]]}}},{key:"forChild",value:funct
vuser_end.c(3):     ion(e){return{ngModule:t,providers:[Dn(e)]}}}]),t}();return t.\\u0275mod=f.Kb({type:t}),t.
vuser_end.c(3):     \\u0275inj=f.Jb({factory:function(e){return new(e||t)(f.Wb(En,8),f.Wb(gn,8))}}),t}();funct
vuser_end.c(3):     ion Rn(t,e,n){return n.scrollOffset&&e.setOffset(n.scrollOffset),new Sn(t,e,n)}function Pn
vuser_end.c(3):     (t,e){var n=arguments.length>2&&void 0!==arguments[2]?arguments[2]:{};return n.useHash?new
vuser_end.c(3):      h.f(t,e):new h.s(t,e)}function Nn(t){if(t)throw new Error("RouterModule.forRoot() called 
vuser_end.c(3):     twice. Lazy loaded modules should use RouterModule.forChild() instead.");return"guarded"}f
vuser_end.c(3):     unction Dn(t){return[{provide:f.a,multi:!0,useValue:t},{provide:ln,multi:!0,useValue:t}]}v
vuser_end.c(3):     ar Mn=function(){var t=function(){function t(e){Object(l.a)(this,t),this.injector=e,this.i
vuser_end.c(3):     nitNavigation=!1,this.resultOfPreactivationDone=new k.a}return Object(s.a)(t,[{key:"appIni
vuser_end.c(3):     tializer",value:function(){var t=this;return this.injector.get(h.g,Promise.resolve(null)).
vuser_end.c(3):     then((function(){var e=null,n=new Promise((function(t){return e=t})),i=t.injector.get(gn),
vuser_end.c(3):     r=t.injector.get(xn);if(t.isLegacyDisabled(r)||t.isLegacyEnabled(r))e(!0);else if("disable
vuser_end.c(3):     d"===r.initialNavigation)i.setUpLocationChangeListener(),e(!0);else{if("enabled"!==r.initi
vuser_end.c(3):     alNavigation)throw new Error("Invalid initialNavigation opti
vuser_end.c(3): t=169436ms: 12287-byte response body for "http://192.168.109.240/internal/authutil/main.81b056e6adee1957fff7.js" (RelFrameId=, Internal ID=1328)
vuser_end.c(3):     ons: '".concat(r.initialNavigation,"'"));i.hooks.afterPreactivation=function(){return t.in
vuser_end.c(3):     itNavigation?Object(d.a)(null):(t.initNavigation=!0,e(!0),t.resultOfPreactivationDone)},i.
vuser_end.c(3):     initialNavigation()}return n}))}},{key:"bootstrapListener",value:function(t){var e=this.in
vuser_end.c(3):     jector.get(xn),n=this.injector.get(Cn),i=this.injector.get(Sn),r=this.injector.get(gn),o=t
vuser_end.c(3):     his.injector.get(f.g);t===o.components[0]&&(this.isLegacyEnabled(e)?r.initialNavigation():
vuser_end.c(3):     this.isLegacyDisabled(e)&&r.setUpLocationChangeListener(),n.setUpPreloading(),i.init(),r.r
vuser_end.c(3):     esetRootComponentType(o.componentTypes[0]),this.resultOfPreactivationDone.next(null),this.
vuser_end.c(3):     resultOfPreactivationDone.complete())}},{key:"isLegacyEnabled",value:function(t){return"le
vuser_end.c(3):     gacy_enabled"===t.initialNavigation||!0===t.initialNavigation||void 0===t.initialNavigatio
vuser_end.c(3):     n}},{key:"isLegacyDisabled",value:function(t){return"legacy_disabled"===t.initialNavigatio
vuser_end.c(3):     n||!1===t.initialNavigation}}]),t}();return t.\\u0275fac=function(e){return new(e||t)(f.Wb
vuser_end.c(3):     (f.s))},t.\\u0275prov=f.Ib({token:t,factory:t.\\u0275fac}),t}();function Vn(t){return t.ap
vuser_end.c(3):     pInitializer.bind(t)}function Fn(t){return t.bootstrapListener.bind(t)}var Ln=new f.r("Rou
vuser_end.c(3):     ter Initializer")},u47x:function(t,e,n){"use strict";n.d(e,"a",(function(){return w})),n.d
vuser_end.c(3):     (e,"b",(function(){return j})),n.d(e,"c",(function(){return M})),n.d(e,"d",(function(){ret
vuser_end.c(3):     urn A})),n.d(e,"e",(function(){return U})),n.d(e,"f",(function(){return R})),n.d(e,"g",(fu
vuser_end.c(3):     nction(){return P})),n("JX7q");var i=n("ReuC"),r=n("foSv"),o=n("Ji7U"),a=n("LK+K"),s=n("1O
vuser_end.c(3):     yB"),u=n("vuIU"),c=n("ofXK"),l=n("fXoL"),h=n("nLfN"),f=n("XNiG"),d=n("quSY"),p=n("LRne"),v
vuser_end.c(3):     =n("FtGj"),m=n("vkgz"),y=n("Kj3r"),g=n("pLZG"),b=n("lJxs"),_=n("IzEk"),k=n("8LU1");n("GU7r
vuser_end.c(3):     ");var O=function(){function t(e){var n=this;Object(s.a)(this,t),this._items=e,this._activ
vuser_end.c(3):     eItemIndex=-1,this._activeItem=null,this._wrap=!1,this._letterKeyStream=new f.a,this._type
vuser_end.c(3):     aheadSubscription=d.a.EMPTY,this._vertical=!0,this._allowedModifierKeys=[],this._homeAndEn
vuser_end.c(3):     d=!1,this._skipPredicateFn=function(t){return t.disabled},this._pressedLetters=[],this.tab
vuser_end.c(3):     Out=new f.a,this.change=new f.a,e instanceof l.E&&e.changes.subscribe((function(t){if(n._a
vuser_end.c(3):     ctiveItem){var e=t.toArray().indexOf(n._activeItem);e>-1&&e!==n._activeItemIndex&&(n._acti
vuser_end.c(3):     veItemIndex=e)}}))}return Object(u.a)(t,[{key:"skipPredicate",value:function(t){return thi
vuser_end.c(3):     s._skipPredicateFn=t,this}},{key:"withWrap",value:function(){var t=!(arguments.length>0&&v
vuser_end.c(3):     oid 0!==arguments[0])||arguments[0];return this._wrap=t,this}},{key:"withVerticalOrientati
vuser_end.c(3):     on",value:function(){var t=!(arguments.length>0&&void 0!==arguments[0])||arguments[0];retu
vuser_end.c(3):     rn this._vertical=t,this}},{key:"withHorizontalOrientation",value:function(t){return this.
vuser_end.c(3):     _horizontal=t,this}},{key:"withAllowedModifierKeys",value:function(t){return this._allowed
vuser_end.c(3):     ModifierKeys=t,this}},{key:"withTypeAhead",value:function(){var t=this,e=arguments.length>
vuser_end.c(3):     0&&void 0!==arguments[0]?arguments[0]:200;return this._typeaheadSubscription.unsubscribe()
vuser_end.c(3):     ,this._typeaheadSubscription=this._letterKeyStream.pipe(Object(m.a)((function(e){return t.
vuser_end.c(3):     _pressedLetters.push(e)})),Object(y.a)(e),Object(g.a)((function(){return t._pressedLetters
vuser_end.c(3):     .length>0})),Object(b.a)((function(){return t._pressedLetters.join("")}))).subscribe((func
vuser_end.c(3):     tion(e){for(var n=t._getItemsArray(),i=1;i<n.length+1;i++){var r=(t._activeItemIndex+i)%n.
vuser_end.c(3):     length,o=n[r];if(!t._skipPredicateFn(o)&&0===o.getLabel().toUpperCase().trim().indexOf(e))
vuser_end.c(3):     {t.setActiveItem(r);break}}t._pressedLetters=[]})),this}},{key:"withHomeAndEnd",value:func
vuser_end.c(3):     tion(){var t=!(arguments.length>0&&void 0!==arguments[0])||arguments[0];return this._homeA
vuser_end.c(3):     ndEnd=t,this}},{key:"setActiveItem",value:function(t){var e=this._activeItem;this.updateAc
vuser_end.c(3):     tiveItem(t),this._activeItem!==e&&this.change.next(this._activeItemIndex)}},{key:"onKeydow
vuser_end.c(3):     n",value:function(t){var e=this,n=t.keyCode,i=["altKey","ctrlKey","metaKey","shiftKey"].ev
vuser_end.c(3):     ery((function(n){return!t[n]||e._allowedModifierKeys.indexOf(n)>-1}));switch(n){case v.k:r
vuser_end.c(3):     eturn void this.tabOut.next();case v.b:if(this._vertical&&i){this.setNextItemActive();brea
vuser_end.c(3):     k}return;case v.l:if(this._vertical&&i){this.setPreviousItemActive();break}return;case v.i
vuser_end.c(3):     :if(this._horizontal&&i){"rtl"===this._horizontal?this.setPreviousItemActive():this.setNex
vuser_end.c(3):     tItemActive();break}return;case v.g:if(this._horizontal&&i){"rtl"===this._horizontal?this.
vuser_end.c(3):     setNextItemActive():this.setPreviousItemActive();break}return;case v.f:if(this._homeAndEnd
vuser_end.c(3):     &&i){this.setFirstItemActive();break}return;case v.c:if(this._homeAndEnd&&i){this.setLastI
vuser_end.c(3):     temActive();break}return;default:return void((i||Object(v.o)(t,"shiftKey"))&&(t.key&&1===t
vuser_end.c(3):     .key.length?this._letterKeyStream.next(t.key.toLocaleUpperCase()):(n>=v.a&&n<=v.m||n>=v.n&
vuser_end.c(3):     &n<=v.h)&&this._letterKeyStream.next(String.fromCharCode(n))))}this._pressedLetters=[],t.p
vuser_end.c(3):     reventDefault()}},{key:"isTyping",value:function(){return this._pressedLetters.length>0}},
vuser_end.c(3):     {key:"setFirstItemActive",value:function(){this._setActiveItemByIndex(0,1)}},{key:"setLast
vuser_end.c(3):     ItemActive",value:function(){this._setActiveItemByIndex(this._items.length-1,-1)}},{key:"s
vuser_end.c(3):     etNextItemActive",value:function(){this._activeItemIndex<0?this.setFirstItemActive():this.
vuser_end.c(3):     _setActiveItemByDelta(1)}},{key:"setPreviousItemActive",value:function(){this._activeItemI
vuser_end.c(3):     ndex<0&&this._wrap?this.setLastItemActive():this._setActiveItemByDelta(-1)}},{key:"updateA
vuser_end.c(3):     ctiveItem",value:function(t){var e=this._getItemsArray(),n="number"==typeof t?t:e.indexOf(
vuser_end.c(3):     t),i=e[n];this._activeItem=null==i?null:i,this._activeItemIndex=n}},{key:"_setActiveItemBy
vuser_end.c(3):     Delta",value:function(t){this._wrap?this._setActiveInWrapMode(t):this._setActiveInDefaultM
vuser_end.c(3):     ode(t)}},{key:"_setActiveInWrapMode",value:function(t){for(var e=this._getItemsArray(),n=1
vuser_end.c(3):     ;n<=e.length;n++){var i=(this._activeItemIndex+t*n+e.length)%e.length;if(!this._skipPredic
vuser_end.c(3):     ateFn(e[i]))return void this.setActiveItem(i)}}},{key:"_setActiveInDefaultMode",value:func
vuser_end.c(3):     tion(t){this._setActiveItemByIndex(this._activeItemIndex+t,t)}},{key:"_setActiveItemByInde
vuser_end.c(3):     x",value:function(t,e){var n=this._getItemsArray();if(n[t]){for(;this._skipPredicateFn(n[t
vuser_end.c(3):     ]);)if(!n[t+=e])return;this.setActiveItem(t)}}},{key:"_getItemsArray",value:function(){ret
vuser_end.c(3):     urn this._items instanceof l.E?this._items.toArray():this._items}},{key:"activeItemIndex",
vuser_end.c(3):     get:function(){return this._activeItemIndex}},{key:"activeItem",get:function(){return this
vuser_end.c(3):     ._activeItem}}]),t}(),w=function(t){Object(o.a)(n,t);var e=Object(a.a)(n);function n(){ret
vuser_end.c(3):     urn Object(s.a)(this,n),e.apply(this,arguments)}return Object(u.a)(n,[{key:"setActiveItem"
vuser_end.c(3):     ,value:function(t){this.activeItem&&this.activeItem.setInactiveStyles(),Object(i.a)(Object
vuser_end.c(3):     (r.a)(n.prototype),"setActiveItem",this).call(this,t),this.activeItem&&this.activeItem.set
vuser_end.c(3):     ActiveStyles()}}]),n}(O),j=function(t){Object(o.a)(n,t);var e=Object(a.a)(n);function n(){
vuser_end.c(3):     var t;return Object(s.a)(this,n),(t=e.apply(this,arguments))._origin="program",t}return Ob
vuser_end.c(3):     ject(u.a)(n,[{key:"setFocusOrigin",value:function(t){return this._origin=t,this}},{key:"se
vuser_end.c(3):     tActiveItem",value:function(t){Object(i.a)(Object(r.a)(n.prototype),"setActiveItem",this).
vuser_end.c(3):     call(this,t),this.activeItem&&this.activeItem.focus(this._origin)}}]),n}(O),C=function(){v
vuser_end.c(3):     ar t=function(){function t(e){Object(s.a)(this,t),this._platform=e}return Object(u.a)(t,[{
vuser_end.c(3):     key:"isDisabled",value:function(t){return t.hasAttribute("disabled")}},{key:"isVisible",va
vuser_end.c(3):     lue:function(t){return function(t){return!!(t.offsetWidth||t.offsetHeight||"function"==typ
vuser_end.c(3):     eof t.getClientRects&&t.getClientRects().length)}(t)&&"visible"===getComputedStyle(t).visi
vuser_end.c(3):     bility}},{key:"isTabbable",value:function(t){if(!this._platform.isBrowser)return!1;var e,n
vuser_end.c(3):     =function(t){try{return t.frameElement}catch(e){return null}}((e=t).ownerDocument&&e.owner
vuser_end.c(3):     Document.defaultView||window);if(n){if(-1===x(n))return!1;if(!this.isVisible(n))return!1}v
vuser_end.c(3):     ar i=t.nodeName.toLowerCase(),r=x(t);return t.hasAttribute("contenteditable")?-1!==r:"ifra
vuser_end.c(3):     me"!==i&&"object"!==i&&!(this._platform.WEBKIT&&this._platform.IOS&&!function(t){var e=t.n
vuser_end.c(3):     odeName.toLowerCase(),n="input"===e&&t.type;return"text"===n||"password"===n||"select"===e
vuser_end.c(3):     ||"textarea"===e}(t))&&("audio"===i?!!t.hasAttribute("controls")&&-1!==r:"video"===i?-1!==
vuser_end.c(3):     r&&(null!==r||this._platform.FIREFOX||t.hasAttribute("controls")):t.tabIndex>=0)}},{key:"i
vuser_end.c(3):     sFocusable",value:function(t,e){return function(t){return!function(t){return function(t){r
vuser_end.c(3):     eturn"input"==t.nodeName.toLowerCase()}(t)&&"hidden"==t.type}(t)&&(function(t){var e=t.nod
vuser_end.c(3):     eName.toLowerCase();return"input"===e||"select"===e||"button"===e||"textarea"===e}(t)||fun
vuser_end.c(3):     ction(t){return function(t){return"a"==t.nodeName.toLowerCase()}(t)&&t.hasAttribute("href"
vuser_end.c(3):     )}(t)||t.hasAttribute("contenteditable")||S(t))}(t)&&!this.isDisabled(t)&&((null==e?void 0
vuser_end.c(3):     :e.ignoreVisibility)||this.isVisible(t))}}]),t}();return t.\\u0275fac=function(e){return n
vuser_end.c(3):     ew(e||t)(l.Wb(h.a))},t.\\u0275prov=Object(l.Ib)({factory:function(){return new t(Object(l.
vuser_end.c(3):     Wb)(h.a))},token:t,providedIn:"root"}),t}();function S(t){if(!t.hasAttribute("tabindex")||
vuser_end.c(3):     void 0===t.tabIndex)return!1;var e=t.getAttribute("tabindex");return"-32768"!=e&&!(!e||isN
vuser_end.c(3):     aN(parseInt(e,10)))}function x(t){if(!S(t))return null;var e=parseInt(t.getAttribute("tabi
vuser_end.c(3):     ndex")||"",10);return isNaN(e)?-1:e}var E=function(){function t(e,n,i,r){var o=this,a=argu
vuser_end.c(3):     ments.length>4&&void 0!==arguments[4]&&arguments[4];Object(s.a)(this,t),this._element=e,th
vuser_end.c(3):     is._checker=n,this._ngZone=i,this._document=r,this._hasAttached=!1,this.startAnchorListene
vuser_end.c(3):     r=function(){return o.focusLastTabbableElement()},this.endAnchorListener=function(){return
vuser_end.c(3):      o.focusFirstTabbableElement()},this._enabled=!0,a||this.attachAnchors()}return Object(u.a
vuser_end.c(3):     )(t,[{key:"destroy",value:function(){var t=this._startAnchor,e=this._endAnchor;t&&(t.remov
vuser_end.c(3):     eEventListener("focus",this.startAnchorListener),t.parentNode&&t.parentNode.removeChild(t)
vuser_end.c(3):     ),e&&(e.removeEventListener("focus",this.endAnchorListener),e.parentNode&&e.parentNode.rem
vuser_end.c(3):     oveChild(e)),this._startAnchor=this._endAnchor=null,this._hasAttached=!1}},{key:"attachAnc
vuser_end.c(3):     hors",value:function(){var t=this;return!!this._hasAttached||(this._ngZone.runOutsideAngul
vuser_end.c(3):     ar((function(){t._startAnchor||(t._startAnchor=t._createAnchor(),t._startAnchor.addEventLi
vuser_end.c(3):     stener("focus",t.startAnchorListener)),t._endAnchor||(t._endAnchor=t._createAnchor(),t._en
vuser_end.c(3):     dAnchor.addEventListener("focus",t.endAnchorListener))})),this._element.parentNode&&(this.
vuser_end.c(3):     _element.parentNode.insertBefore(this._startAnchor,this._element),this._element.parentNode
vuser_end.c(3):     .insertBefore(this._endAnchor,this._element.nextSibling),this._hasAttached=!0),this._hasAt
vuser_end.c(3):     tached)}},{key:"focusInitialElementWhenReady",value:function(){var t=this;return new Promi
vuser_end.c(3):     se((function(e){t._executeOnStable((function(){return e(t.focusInitialElement())}))}))}},{
vuser_end.c(3):     key:"focusFirstTabbableElementWhenReady",value:function(){var t=this;return new Promise((f
vuser_end.c(3):     unction(e){t._executeOnStable((function(){return e(t.focusFirstTabbableElement())}))}))}},
vuser_end.c(3):     {key:"focusLastTabbableElementWhenReady",value:function(){var t=this;return new Promise((f
vuser_end.c(3):     unction(e){t._executeOnStable((function(){return e(t.focusLastTabbableElement())}))}))}},{
vuser_end.c(3):     key:"_getRegionBoundary",value:function(t){for(var e=this._element.querySelectorAll("[cdk-
vuser_end.c(3):     focus-region-".concat(t,"], ")+"[cdkFocusRegion".concat(t,"], ")+"[cdk-focus-".concat(t,"]
vuser_end.c(3):     ")),n=0;n<e.length;n++)e[n].hasAttribute("cdk-focus-".concat(t))?console.warn("Found use o
vuser_end.c(3):     f deprecated attribute 'cdk-focus-".concat(t,"', ")+"use 'cdkFocusRegion".concat(t,"' inst
vuser_end.c(3):     ead. The deprecated ")+"attribute will be removed in 8.0.0.",e[n]):e[n].hasAttribute("cdk-
vuser_end.c(3):     focus-region-".concat(t))&&console.warn("Found use of deprecated attribute 'cdk-focus-regi
vuser_end.c(3):     on-".concat(t,"', ")+"use 'cdkFocusRegion".concat(t,"' instead. The deprecated attribute "
vuser_end.c(3):     )+"will be removed in 8.0.0.",e[n]);return"start"==t?e.length?e[0]:this._getFirstTabbableE
vuser_end.c(3):     lement(this._element):e.length?e[e.length-1]:this._getLastTabbableElement(this._element)}}
vuser_end.c(3):     ,{key:"focusInitialElement",value:function(){var t=this._element.querySelector("[cdk-focus
vuser_end.c(3):     -initial], [cdkFocusInitial]");return t?(t.hasAttribute("cdk-focus-initial")&&console.warn
vuser_end.c(3):     ("Found use of deprecated attribute 'cdk-focus-initial', use 'cdkFocusInitial' instead. Th
vuser_end.c(3):     e deprecated attribute will be removed in 8.0.0",t),t.focus(),!0):this.focusFirstTabbableE
vuser_end.c(3):     lement()}},{key:"focusFirstTabbableElement",value:function(){var t=this._getRegionBoundary
vuser_end.c(3):     ("start");return t&&t.focus(),!!t}},{key:"focusLastT
vuser_end.c(3): t=169441ms: 12287-byte response body for "http://192.168.109.240/internal/authutil/main.81b056e6adee1957fff7.js" (RelFrameId=, Internal ID=1328)
vuser_end.c(3):     abbableElement",value:function(){var t=this._getRegionBoundary("end");return t&&t.focus(),
vuser_end.c(3):     !!t}},{key:"hasAttached",value:function(){return this._hasAttached}},{key:"_getFirstTabbab
vuser_end.c(3):     leElement",value:function(t){if(this._checker.isFocusable(t)&&this._checker.isTabbable(t))
vuser_end.c(3):     return t;for(var e=t.children||t.childNodes,n=0;n<e.length;n++){var i=e[n].nodeType===this
vuser_end.c(3):     ._document.ELEMENT_NODE?this._getFirstTabbableElement(e[n]):null;if(i)return i}return null
vuser_end.c(3):     }},{key:"_getLastTabbableElement",value:function(t){if(this._checker.isFocusable(t)&&this.
vuser_end.c(3):     _checker.isTabbable(t))return t;for(var e=t.children||t.childNodes,n=e.length-1;n>=0;n--){
vuser_end.c(3):     var i=e[n].nodeType===this._document.ELEMENT_NODE?this._getLastTabbableElement(e[n]):null;
vuser_end.c(3):     if(i)return i}return null}},{key:"_createAnchor",value:function(){var t=this._document.cre
vuser_end.c(3):     ateElement("div");return this._toggleAnchorTabIndex(this._enabled,t),t.classList.add("cdk-
vuser_end.c(3):     visually-hidden"),t.classList.add("cdk-focus-trap-anchor"),t.setAttribute("aria-hidden","t
vuser_end.c(3):     rue"),t}},{key:"_toggleAnchorTabIndex",value:function(t,e){t?e.setAttribute("tabindex","0"
vuser_end.c(3):     ):e.removeAttribute("tabindex")}},{key:"toggleAnchors",value:function(t){this._startAnchor
vuser_end.c(3):     &&this._endAnchor&&(this._toggleAnchorTabIndex(t,this._startAnchor),this._toggleAnchorTabI
vuser_end.c(3):     ndex(t,this._endAnchor))}},{key:"_executeOnStable",value:function(t){this._ngZone.isStable
vuser_end.c(3):     ?t():this._ngZone.onStable.pipe(Object(_.a)(1)).subscribe(t)}},{key:"enabled",get:function
vuser_end.c(3):     (){return this._enabled},set:function(t){this._enabled=t,this._startAnchor&&this._endAncho
vuser_end.c(3):     r&&(this._toggleAnchorTabIndex(t,this._startAnchor),this._toggleAnchorTabIndex(t,this._end
vuser_end.c(3):     Anchor))}}]),t}(),A=function(){var t=function(){function t(e,n,i){Object(s.a)(this,t),this
vuser_end.c(3):     ._checker=e,this._ngZone=n,this._document=i}return Object(u.a)(t,[{key:"create",value:func
vuser_end.c(3):     tion(t){var e=arguments.length>1&&void 0!==arguments[1]&&arguments[1];return new E(t,this.
vuser_end.c(3):     _checker,this._ngZone,this._document,e)}}]),t}();return t.\\u0275fac=function(e){return ne
vuser_end.c(3):     w(e||t)(l.Wb(C),l.Wb(l.A),l.Wb(c.c))},t.\\u0275prov=Object(l.Ib)({factory:function(){retur
vuser_end.c(3):     n new t(Object(l.Wb)(C),Object(l.Wb)(l.A),Object(l.Wb)(c.c))},token:t,providedIn:"root"}),
vuser_end.c(3):     t}();"undefined"!=typeof Element&&Element;var T=new l.r("liveAnnouncerElement",{providedIn
vuser_end.c(3):     :"root",factory:function(){return null}}),I=new l.r("LIVE_ANNOUNCER_DEFAULT_OPTIONS"),R=fu
vuser_end.c(3):     nction(){var t=function(){function t(e,n,i,r){Object(s.a)(this,t),this._ngZone=n,this._def
vuser_end.c(3):     aultOptions=r,this._document=i,this._liveElement=e||this._createLiveElement()}return Objec
vuser_end.c(3):     t(u.a)(t,[{key:"announce",value:function(t){for(var e,n,i=this,r=this._defaultOptions,o=ar
vuser_end.c(3):     guments.length,a=new Array(o>1?o-1:0),s=1;s<o;s++)a[s-1]=arguments[s];return 1===a.length&
vuser_end.c(3):     &"number"==typeof a[0]?n=a[0]:(e=a[0],n=a[1]),this.clear(),clearTimeout(this._previousTime
vuser_end.c(3):     out),e||(e=r&&r.politeness?r.politeness:"polite"),null==n&&r&&(n=r.duration),this._liveEle
vuser_end.c(3):     ment.setAttribute("aria-live",e),this._ngZone.runOutsideAngular((function(){return new Pro
vuser_end.c(3):     mise((function(e){clearTimeout(i._previousTimeout),i._previousTimeout=setTimeout((function
vuser_end.c(3):     (){i._liveElement.textContent=t,e(),"number"==typeof n&&(i._previousTimeout=setTimeout((fu
vuser_end.c(3):     nction(){return i.clear()}),n))}),100)}))}))}},{key:"clear",value:function(){this._liveEle
vuser_end.c(3):     ment&&(this._liveElement.textContent="")}},{key:"ngOnDestroy",value:function(){clearTimeou
vuser_end.c(3):     t(this._previousTimeout),this._liveElement&&this._liveElement.parentNode&&(this._liveEleme
vuser_end.c(3):     nt.parentNode.removeChild(this._liveElement),this._liveElement=null)}},{key:"_createLiveEl
vuser_end.c(3):     ement",value:function(){for(var t="cdk-live-announcer-element",e=this._document.getElement
vuser_end.c(3):     sByClassName(t),n=this._document.createElement("div"),i=0;i<e.length;i++)e[i].parentNode.r
vuser_end.c(3):     emoveChild(e[i]);return n.classList.add(t),n.classList.add("cdk-visually-hidden"),n.setAtt
vuser_end.c(3):     ribute("aria-atomic","true"),n.setAttribute("aria-live","polite"),this._document.body.appe
vuser_end.c(3):     ndChild(n),n}}]),t}();return t.\\u0275fac=function(e){return new(e||t)(l.Wb(T,8),l.Wb(l.A)
vuser_end.c(3):     ,l.Wb(c.c),l.Wb(I,8))},t.\\u0275prov=Object(l.Ib)({factory:function(){return new t(Object(
vuser_end.c(3):     l.Wb)(T,8),Object(l.Wb)(l.A),Object(l.Wb)(c.c),Object(l.Wb)(I,8))},token:t,providedIn:"roo
vuser_end.c(3):     t"}),t}();function P(t){return 0===t.buttons}var N=new l.r("cdk-focus-monitor-default-opti
vuser_end.c(3):     ons"),D=Object(h.f)({passive:!0,capture:!0}),M=function(){var t=function(){function t(e,n,
vuser_end.c(3):     i,r){var o=this;Object(s.a)(this,t),this._ngZone=e,this._platform=n,this._origin=null,this
vuser_end.c(3):     ._windowFocused=!1,this._elementInfo=new Map,this._monitoredElementCount=0,this._rootNodeF
vuser_end.c(3):     ocusListenerCount=new Map,this._documentKeydownListener=function(){o._lastTouchTarget=null
vuser_end.c(3):     ,o._setOriginForCurrentEventQueue("keyboard")},this._documentMousedownListener=function(t)
vuser_end.c(3):     {if(!o._lastTouchTarget){var e=P(t)?"keyboard":"mouse";o._setOriginForCurrentEventQueue(e)
vuser_end.c(3):     }},this._documentTouchstartListener=function(t){null!=o._touchTimeoutId&&clearTimeout(o._t
vuser_end.c(3):     ouchTimeoutId),o._lastTouchTarget=V(t),o._touchTimeoutId=setTimeout((function(){return o._
vuser_end.c(3):     lastTouchTarget=null}),650)},this._windowFocusListener=function(){o._windowFocused=!0,o._w
vuser_end.c(3):     indowFocusTimeoutId=setTimeout((function(){return o._windowFocused=!1}))},this._rootNodeFo
vuser_end.c(3):     cusAndBlurListener=function(t){for(var e=V(t),n="focus"===t.type?o._onFocus:o._onBlur,i=e;
vuser_end.c(3):     i;i=i.parentElement)n.call(o,t,i)},this._document=i,this._detectionMode=(null==r?void 0:r.
vuser_end.c(3):     detectionMode)||0}return Object(u.a)(t,[{key:"monitor",value:function(t){var e=arguments.l
vuser_end.c(3):     ength>1&&void 0!==arguments[1]&&arguments[1],n=Object(k.e)(t);if(!this._platform.isBrowser
vuser_end.c(3):     ||1!==n.nodeType)return Object(p.a)(null);var i=Object(h.c)(n)||this._getDocument(),r=this
vuser_end.c(3):     ._elementInfo.get(n);if(r)return e&&(r.checkChildren=!0),r.subject;var o={checkChildren:e,
vuser_end.c(3):     subject:new f.a,rootNode:i};return this._elementInfo.set(n,o),this._registerGlobalListener
vuser_end.c(3):     s(o),o.subject}},{key:"stopMonitoring",value:function(t){var e=Object(k.e)(t),n=this._elem
vuser_end.c(3):     entInfo.get(e);n&&(n.subject.complete(),this._setClasses(e),this._elementInfo.delete(e),th
vuser_end.c(3):     is._removeGlobalListeners(n))}},{key:"focusVia",value:function(t,e,n){var i=Object(k.e)(t)
vuser_end.c(3):     ;this._setOriginForCurrentEventQueue(e),"function"==typeof i.focus&&i.focus(n)}},{key:"ngO
vuser_end.c(3):     nDestroy",value:function(){var t=this;this._elementInfo.forEach((function(e,n){return t.st
vuser_end.c(3):     opMonitoring(n)}))}},{key:"_getDocument",value:function(){return this._document||document}
vuser_end.c(3):     },{key:"_getWindow",value:function(){return this._getDocument().defaultView||window}},{key
vuser_end.c(3):     :"_toggleClass",value:function(t,e,n){n?t.classList.add(e):t.classList.remove(e)}},{key:"_
vuser_end.c(3):     getFocusOrigin",value:function(t){return this._origin?this._origin:this._windowFocused&&th
vuser_end.c(3):     is._lastFocusOrigin?this._lastFocusOrigin:this._wasCausedByTouch(t)?"touch":"program"}},{k
vuser_end.c(3):     ey:"_setClasses",value:function(t,e){this._toggleClass(t,"cdk-focused",!!e),this._toggleCl
vuser_end.c(3):     ass(t,"cdk-touch-focused","touch"===e),this._toggleClass(t,"cdk-keyboard-focused","keyboar
vuser_end.c(3):     d"===e),this._toggleClass(t,"cdk-mouse-focused","mouse"===e),this._toggleClass(t,"cdk-prog
vuser_end.c(3):     ram-focused","program"===e)}},{key:"_setOriginForCurrentEventQueue",value:function(t){var 
vuser_end.c(3):     e=this;this._ngZone.runOutsideAngular((function(){e._origin=t,0===e._detectionMode&&(e._or
vuser_end.c(3):     iginTimeoutId=setTimeout((function(){return e._origin=null}),1))}))}},{key:"_wasCausedByTo
vuser_end.c(3):     uch",value:function(t){var e=V(t);return this._lastTouchTarget instanceof Node&&e instance
vuser_end.c(3):     of Node&&(e===this._lastTouchTarget||e.contains(this._lastTouchTarget))}},{key:"_onFocus",
vuser_end.c(3):     value:function(t,e){var n=this._elementInfo.get(e);if(n&&(n.checkChildren||e===V(t))){var 
vuser_end.c(3):     i=this._getFocusOrigin(t);this._setClasses(e,i),this._emitOrigin(n.subject,i),this._lastFo
vuser_end.c(3):     cusOrigin=i}}},{key:"_onBlur",value:function(t,e){var n=this._elementInfo.get(e);!n||n.che
vuser_end.c(3):     ckChildren&&t.relatedTarget instanceof Node&&e.contains(t.relatedTarget)||(this._setClasse
vuser_end.c(3):     s(e),this._emitOrigin(n.subject,null))}},{key:"_emitOrigin",value:function(t,e){this._ngZo
vuser_end.c(3):     ne.run((function(){return t.next(e)}))}},{key:"_registerGlobalListeners",value:function(t)
vuser_end.c(3):     {var e=this;if(this._platform.isBrowser){var n=t.rootNode,i=this._rootNodeFocusListenerCou
vuser_end.c(3):     nt.get(n)||0;i||this._ngZone.runOutsideAngular((function(){n.addEventListener("focus",e._r
vuser_end.c(3):     ootNodeFocusAndBlurListener,D),n.addEventListener("blur",e._rootNodeFocusAndBlurListener,D
vuser_end.c(3):     )})),this._rootNodeFocusListenerCount.set(n,i+1),1==++this._monitoredElementCount&&this._n
vuser_end.c(3):     gZone.runOutsideAngular((function(){var t=e._getDocument(),n=e._getWindow();t.addEventList
vuser_end.c(3):     ener("keydown",e._documentKeydownListener,D),t.addEventListener("mousedown",e._documentMou
vuser_end.c(3):     sedownListener,D),t.addEventListener("touchstart",e._documentTouchstartListener,D),n.addEv
vuser_end.c(3):     entListener("focus",e._windowFocusListener)}))}}},{key:"_removeGlobalListeners",value:func
vuser_end.c(3):     tion(t){var e=t.rootNode;if(this._rootNodeFocusListenerCount.has(e)){var n=this._rootNodeF
vuser_end.c(3):     ocusListenerCount.get(e);n>1?this._rootNodeFocusListenerCount.set(e,n-1):(e.removeEventLis
vuser_end.c(3):     tener("focus",this._rootNodeFocusAndBlurListener,D),e.removeEventListener("blur",this._roo
vuser_end.c(3):     tNodeFocusAndBlurListener,D),this._rootNodeFocusListenerCount.delete(e))}if(!--this._monit
vuser_end.c(3):     oredElementCount){var i=this._getDocument(),r=this._getWindow();i.removeEventListener("key
vuser_end.c(3):     down",this._documentKeydownListener,D),i.removeEventListener("mousedown",this._documentMou
vuser_end.c(3):     sedownListener,D),i.removeEventListener("touchstart",this._documentTouchstartListener,D),r
vuser_end.c(3):     .removeEventListener("focus",this._windowFocusListener),clearTimeout(this._windowFocusTime
vuser_end.c(3):     outId),clearTimeout(this._touchTimeoutId),clearTimeout(this._originTimeoutId)}}}]),t}();re
vuser_end.c(3):     turn t.\\u0275fac=function(e){return new(e||t)(l.Wb(l.A),l.Wb(h.a),l.Wb(c.c,8),l.Wb(N,8))}
vuser_end.c(3):     ,t.\\u0275prov=Object(l.Ib)({factory:function(){return new t(Object(l.Wb)(l.A),Object(l.Wb
vuser_end.c(3):     )(h.a),Object(l.Wb)(c.c,8),Object(l.Wb)(N,8))},token:t,providedIn:"root"}),t}();function V
vuser_end.c(3):     (t){return t.composedPath?t.composedPath()[0]:t.target}var F="cdk-high-contrast-black-on-w
vuser_end.c(3):     hite",L="cdk-high-contrast-white-on-black",B="cdk-high-contrast-active",U=function(){var t
vuser_end.c(3):     =function(){function t(e,n){Object(s.a)(this,t),this._platform=e,this._document=n}return O
vuser_end.c(3):     bject(u.a)(t,[{key:"getHighContrastMode",value:function(){if(!this._platform.isBrowser)ret
vuser_end.c(3):     urn 0;var t=this._document.createElement("div");t.style.backgroundColor="rgb(1,2,3)",t.sty
vuser_end.c(3):     le.position="absolute",this._document.body.appendChild(t);var e=this._document.defaultView
vuser_end.c(3):     ||window,n=e&&e.getComputedStyle?e.getComputedStyle(t):null,i=(n&&n.backgroundColor||"").r
vuser_end.c(3):     eplace(/ /g,"");switch(this._document.body.removeChild(t),i){case"rgb(0,0,0)":return 2;cas
vuser_end.c(3):     e"rgb(255,255,255)":return 1}return 0}},{key:"_applyBodyHighContrastModeCssClasses",value:
vuser_end.c(3):     function(){if(this._platform.isBrowser&&this._document.body){var t=this._document.body.cla
vuser_end.c(3):     ssList;t.remove(B),t.remove(F),t.remove(L);var e=this.getHighContrastMode();1===e?(t.add(B
vuser_end.c(3):     ),t.add(F)):2===e&&(t.add(B),t.add(L))}}}]),t}();return t.\\u0275fac=function(e){return ne
vuser_end.c(3):     w(e||t)(l.Wb(h.a),l.Wb(c.c))},t.\\u0275prov=Object(l.Ib)({factory:function(){return new t(
vuser_end.c(3):     Object(l.Wb)(h.a),Object(l.Wb)(c.c))},token:t,providedIn:"root"}),t}()},uFwe:function(t,e,
vuser_end.c(3):     n){"use strict";n.d(e,"a",(function(){return r}));var i=n("BsWD");function r(t,e){var n;if
vuser_end.c(3):     ("undefined"==typeof Symbol||null==t[Symbol.iterator]){if(Array.isArray(t)||(n=Object(i.a)
vuser_end.c(3):     (t))||e&&t&&"number"==typeof t.length){n&&(t=n);var r=0,o=function(){};return{s:o,n:functi
vuser_end.c(3):     on(){return r>=t.length?{done:!0}:{done:!1,value:t[r++]}},e:function(t){throw t},f:o}}thro
vuser_end.c(3):     w new TypeError("Invalid attempt to iterate non-iterable instance.\\nIn order to be iterab
vuser_end.c(3):     le, non-array objects must have a [Symbol.iterator]() method.")}var a,s=!0,u=!1;return{s:f
vuser_end.c(3):     unction(){n=t[Symbol.iterator]()},n:function(){var t=n.next();return s=t.done,t},e:functio
vuser_end.c(3):     n(t){u=!0,a=t},f:function(){try{s||null==n.return||n.return()}finally{if(u)throw a}}}}},vc
vuser_end.c(3):     7v:function(t,e){},vkgz:function(t,e,n){"use strict";n.d(e,"a",(function(){return h}));var
vuser_end.c(3):      i=n("JX7q"),r=n("Ji7U"),o=n("LK+K"),a=n("1OyB"),s=n("vuIU"),u=n("7o/Q");function c(){}var
vuser_end.c(3):      l=n("n6bG");function h(t,e,n){return function(i){return i.lift(new f(t,e,n))}}var f=funct
vuser_end.c(3):     ion(){function t(e,n,i){Object(a.a)(this,t),this.nextOrObserver=e,this.error=n,this.comple
vuser_end.c(3):     te=i}return Object(s.a)(t,[{key:"call",value:function(t,e){return e.subscribe(new d(t,this
vuser_end.c(3):     .nextOrObserver,this.error,this.complete))}}]),t}(),d=function(t){Object(r.a)(n,t);var e=O
vuser_end.c(3):     bject(o.a)(n);function n(t,r,o,s){var u;return Object(a.
vuser_end.c(3): t=169447ms: 12287-byte response body for "http://192.168.109.240/internal/authutil/main.81b056e6adee1957fff7.js" (RelFrameId=, Internal ID=1328)
vuser_end.c(3):     a)(this,n),(u=e.call(this,t))._tapNext=c,u._tapError=c,u._tapComplete=c,u._tapError=o||c,u
vuser_end.c(3):     ._tapComplete=s||c,Object(l.a)(r)?(u._context=Object(i.a)(u),u._tapNext=r):r&&(u._context=
vuser_end.c(3):     r,u._tapNext=r.next||c,u._tapError=r.error||c,u._tapComplete=r.complete||c),u}return Objec
vuser_end.c(3):     t(s.a)(n,[{key:"_next",value:function(t){try{this._tapNext.call(this._context,t)}catch(e){
vuser_end.c(3):     return void this.destination.error(e)}this.destination.next(t)}},{key:"_error",value:funct
vuser_end.c(3):     ion(t){try{this._tapError.call(this._context,t)}catch(t){return void this.destination.erro
vuser_end.c(3):     r(t)}this.destination.error(t)}},{key:"_complete",value:function(){try{this._tapComplete.c
vuser_end.c(3):     all(this._context)}catch(t){return void this.destination.error(t)}return this.destination.
vuser_end.c(3):     complete()}}]),n}(u.a)},vuIU:function(t,e,n){"use strict";function i(t,e){for(var n=0;n<e.
vuser_end.c(3):     length;n++){var i=e[n];i.enumerable=i.enumerable||!1,i.configurable=!0,"value"in i&&(i.wri
vuser_end.c(3):     table=!0),Object.defineProperty(t,i.key,i)}}function r(t,e,n){return e&&i(t.prototype,e),n
vuser_end.c(3):     &&i(t,n),t}n.d(e,"a",(function(){return r}))},vxfF:function(t,e,n){"use strict";n.d(e,"a",
vuser_end.c(3):     (function(){return y})),n.d(e,"b",(function(){return v})),n.d(e,"c",(function(){return g})
vuser_end.c(3):     ),n.d(e,"d",(function(){return m})),n("ODXe"),n("uFwe");n("ReuC"),n("foSv"),n("Ji7U"),n("L
vuser_end.c(3):     K+K");var i=n("1OyB"),r=n("vuIU"),o=(n("8LU1"),n("fXoL")),a=n("XNiG"),s=n("LRne"),u=n("HDd
vuser_end.c(3):     C"),c=n("xgIS"),l=(n("3N8a"),n("7Hc7"),n("quSY"),n("7+OI"),n("/uUt"),n("3UWI")),h=n("pLZG"
vuser_end.c(3):     );n("1G5W"),n("JX91"),n("7o/Q"),n("eIep"),n("UXun");var f=n("nLfN"),d=n("ofXK"),p=n("cH1L"
vuser_end.c(3):     );n("0EQZ");var v=function(){var t=function(){function t(e,n,r){Object(i.a)(this,t),this._
vuser_end.c(3):     ngZone=e,this._platform=n,this._scrolled=new a.a,this._globalSubscription=null,this._scrol
vuser_end.c(3):     ledCount=0,this.scrollContainers=new Map,this._document=r}return Object(r.a)(t,[{key:"regi
vuser_end.c(3):     ster",value:function(t){var e=this;this.scrollContainers.has(t)||this.scrollContainers.set
vuser_end.c(3):     (t,t.elementScrolled().subscribe((function(){return e._scrolled.next(t)})))}},{key:"deregi
vuser_end.c(3):     ster",value:function(t){var e=this.scrollContainers.get(t);e&&(e.unsubscribe(),this.scroll
vuser_end.c(3):     Containers.delete(t))}},{key:"scrolled",value:function(){var t=this,e=arguments.length>0&&
vuser_end.c(3):     void 0!==arguments[0]?arguments[0]:20;return this._platform.isBrowser?new u.a((function(n)
vuser_end.c(3):     {t._globalSubscription||t._addGlobalListener();var i=e>0?t._scrolled.pipe(Object(l.a)(e)).
vuser_end.c(3):     subscribe(n):t._scrolled.subscribe(n);return t._scrolledCount++,function(){i.unsubscribe()
vuser_end.c(3):     ,t._scrolledCount--,t._scrolledCount||t._removeGlobalListener()}})):Object(s.a)()}},{key:"
vuser_end.c(3):     ngOnDestroy",value:function(){var t=this;this._removeGlobalListener(),this.scrollContainer
vuser_end.c(3):     s.forEach((function(e,n){return t.deregister(n)})),this._scrolled.complete()}},{key:"ances
vuser_end.c(3):     torScrolled",value:function(t,e){var n=this.getAncestorScrollContainers(t);return this.scr
vuser_end.c(3):     olled(e).pipe(Object(h.a)((function(t){return!t||n.indexOf(t)>-1})))}},{key:"getAncestorSc
vuser_end.c(3):     rollContainers",value:function(t){var e=this,n=[];return this.scrollContainers.forEach((fu
vuser_end.c(3):     nction(i,r){e._scrollableContainsElement(r,t)&&n.push(r)})),n}},{key:"_getDocument",value:
vuser_end.c(3):     function(){return this._document||document}},{key:"_getWindow",value:function(){return thi
vuser_end.c(3):     s._getDocument().defaultView||window}},{key:"_scrollableContainsElement",value:function(t,
vuser_end.c(3):     e){var n=e.nativeElement,i=t.getElementRef().nativeElement;do{if(n==i)return!0}while(n=n.p
vuser_end.c(3):     arentElement);return!1}},{key:"_addGlobalListener",value:function(){var t=this;this._globa
vuser_end.c(3):     lSubscription=this._ngZone.runOutsideAngular((function(){var e=t._getWindow();return Objec
vuser_end.c(3):     t(c.a)(e.document,"scroll").subscribe((function(){return t._scrolled.next()}))}))}},{key:"
vuser_end.c(3):     _removeGlobalListener",value:function(){this._globalSubscription&&(this._globalSubscriptio
vuser_end.c(3):     n.unsubscribe(),this._globalSubscription=null)}}]),t}();return t.\\u0275fac=function(e){re
vuser_end.c(3):     turn new(e||t)(o.Wb(o.A),o.Wb(f.a),o.Wb(d.c,8))},t.\\u0275prov=Object(o.Ib)({factory:funct
vuser_end.c(3):     ion(){return new t(Object(o.Wb)(o.A),Object(o.Wb)(f.a),Object(o.Wb)(d.c,8))},token:t,provi
vuser_end.c(3):     dedIn:"root"}),t}(),m=function(){var t=function(){function t(e,n,r){var o=this;Object(i.a)
vuser_end.c(3):     (this,t),this._platform=e,this._change=new a.a,this._changeListener=function(t){o._change.
vuser_end.c(3):     next(t)},this._document=r,n.runOutsideAngular((function(){if(e.isBrowser){var t=o._getWind
vuser_end.c(3):     ow();t.addEventListener("resize",o._changeListener),t.addEventListener("orientationchange"
vuser_end.c(3):     ,o._changeListener)}o.change().subscribe((function(){return o._updateViewportSize()}))}))}
vuser_end.c(3):     return Object(r.a)(t,[{key:"ngOnDestroy",value:function(){if(this._platform.isBrowser){var
vuser_end.c(3):      t=this._getWindow();t.removeEventListener("resize",this._changeListener),t.removeEventLis
vuser_end.c(3):     tener("orientationchange",this._changeListener)}this._change.complete()}},{key:"getViewpor
vuser_end.c(3):     tSize",value:function(){this._viewportSize||this._updateViewportSize();var t={width:this._
vuser_end.c(3):     viewportSize.width,height:this._viewportSize.height};return this._platform.isBrowser||(thi
vuser_end.c(3):     s._viewportSize=null),t}},{key:"getViewportRect",value:function(){var t=this.getViewportSc
vuser_end.c(3):     rollPosition(),e=this.getViewportSize(),n=e.width,i=e.height;return{top:t.top,left:t.left,
vuser_end.c(3):     bottom:t.top+i,right:t.left+n,height:i,width:n}}},{key:"getViewportScrollPosition",value:f
vuser_end.c(3):     unction(){if(!this._platform.isBrowser)return{top:0,left:0};var t=this._getDocument(),e=th
vuser_end.c(3):     is._getWindow(),n=t.documentElement,i=n.getBoundingClientRect();return{top:-i.top||t.body.
vuser_end.c(3):     scrollTop||e.scrollY||n.scrollTop||0,left:-i.left||t.body.scrollLeft||e.scrollX||n.scrollL
vuser_end.c(3):     eft||0}}},{key:"change",value:function(){var t=arguments.length>0&&void 0!==arguments[0]?a
vuser_end.c(3):     rguments[0]:20;return t>0?this._change.pipe(Object(l.a)(t)):this._change}},{key:"_getDocum
vuser_end.c(3):     ent",value:function(){return this._document||document}},{key:"_getWindow",value:function()
vuser_end.c(3):     {return this._getDocument().defaultView||window}},{key:"_updateViewportSize",value:functio
vuser_end.c(3):     n(){var t=this._getWindow();this._viewportSize=this._platform.isBrowser?{width:t.innerWidt
vuser_end.c(3):     h,height:t.innerHeight}:{width:0,height:0}}}]),t}();return t.\\u0275fac=function(e){return
vuser_end.c(3):      new(e||t)(o.Wb(f.a),o.Wb(o.A),o.Wb(d.c,8))},t.\\u0275prov=Object(o.Ib)({factory:function(
vuser_end.c(3):     ){return new t(Object(o.Wb)(f.a),Object(o.Wb)(o.A),Object(o.Wb)(d.c,8))},token:t,providedI
vuser_end.c(3):     n:"root"}),t}(),y=function(){var t=function t(){Object(i.a)(this,t)};return t.\\u0275mod=o
vuser_end.c(3):     .Kb({type:t}),t.\\u0275inj=o.Jb({factory:function(e){return new(e||t)}}),t}(),g=function()
vuser_end.c(3):     {var t=function t(){Object(i.a)(this,t)};return t.\\u0275mod=o.Kb({type:t}),t.\\u0275inj=o
vuser_end.c(3):     .Jb({factory:function(e){return new(e||t)},imports:[[p.a,f.b,y],p.a,y]}),t}()},w1tV:functi
vuser_end.c(3):     on(t,e,n){"use strict";n.d(e,"a",(function(){return _}));var i=n("1OyB"),r=n("vuIU"),o=n("
vuser_end.c(3):     ReuC"),a=n("foSv"),s=n("Ji7U"),u=n("LK+K"),c=n("XNiG"),l=n("HDdC"),h=n("7o/Q"),f=n("quSY")
vuser_end.c(3):     ;function d(){return function(t){return t.lift(new p(t))}}var p=function(){function t(e){O
vuser_end.c(3):     bject(i.a)(this,t),this.connectable=e}return Object(r.a)(t,[{key:"call",value:function(t,e
vuser_end.c(3):     ){var n=this.connectable;n._refCount++;var i=new v(t,n),r=e.subscribe(i);return i.closed||
vuser_end.c(3):     (i.connection=n.connect()),r}}]),t}(),v=function(t){Object(s.a)(n,t);var e=Object(u.a)(n);
vuser_end.c(3):     function n(t,r){var o;return Object(i.a)(this,n),(o=e.call(this,t)).connectable=r,o}return
vuser_end.c(3):      Object(r.a)(n,[{key:"_unsubscribe",value:function(){var t=this.connectable;if(t){this.con
vuser_end.c(3):     nectable=null;var e=t._refCount;if(e<=0)this.connection=null;else if(t._refCount=e-1,e>1)t
vuser_end.c(3):     his.connection=null;else{var n=this.connection,i=t._connection;this.connection=null,!i||n&
vuser_end.c(3):     &i!==n||i.unsubscribe()}}else this.connection=null}}]),n}(h.a),m=function(t){Object(s.a)(n
vuser_end.c(3):     ,t);var e=Object(u.a)(n);function n(t,r){var o;return Object(i.a)(this,n),(o=e.call(this))
vuser_end.c(3):     .source=t,o.subjectFactory=r,o._refCount=0,o._isComplete=!1,o}return Object(r.a)(n,[{key:"
vuser_end.c(3):     _subscribe",value:function(t){return this.getSubject().subscribe(t)}},{key:"getSubject",va
vuser_end.c(3):     lue:function(){var t=this._subject;return t&&!t.isStopped||(this._subject=this.subjectFact
vuser_end.c(3):     ory()),this._subject}},{key:"connect",value:function(){var t=this._connection;return t||(t
vuser_end.c(3):     his._isComplete=!1,(t=this._connection=new f.a).add(this.source.subscribe(new g(this.getSu
vuser_end.c(3):     bject(),this))),t.closed&&(this._connection=null,t=f.a.EMPTY)),t}},{key:"refCount",value:f
vuser_end.c(3):     unction(){return d()(this)}}]),n}(l.a),y=function(){var t=m.prototype;return{operator:{val
vuser_end.c(3):     ue:null},_refCount:{value:0,writable:!0},_subject:{value:null,writable:!0},_connection:{va
vuser_end.c(3):     lue:null,writable:!0},_subscribe:{value:t._subscribe},_isComplete:{value:t._isComplete,wri
vuser_end.c(3):     table:!0},getSubject:{value:t.getSubject},connect:{value:t.connect},refCount:{value:t.refC
vuser_end.c(3):     ount}}}(),g=function(t){Object(s.a)(n,t);var e=Object(u.a)(n);function n(t,r){var o;return
vuser_end.c(3):      Object(i.a)(this,n),(o=e.call(this,t)).connectable=r,o}return Object(r.a)(n,[{key:"_error
vuser_end.c(3):     ",value:function(t){this._unsubscribe(),Object(o.a)(Object(a.a)(n.prototype),"_error",this
vuser_end.c(3):     ).call(this,t)}},{key:"_complete",value:function(){this.connectable._isComplete=!0,this._u
vuser_end.c(3):     nsubscribe(),Object(o.a)(Object(a.a)(n.prototype),"_complete",this).call(this)}},{key:"_un
vuser_end.c(3):     subscribe",value:function(){var t=this.connectable;if(t){this.connectable=null;var e=t._co
vuser_end.c(3):     nnection;t._refCount=0,t._subject=null,t._connection=null,e&&e.unsubscribe()}}}]),n}(c.b);
vuser_end.c(3):     function b(){return new c.a}function _(){return function(t){return d()((e=b,function(t){va
vuser_end.c(3):     r n;n="function"==typeof e?e:function(){return e};var i=Object.create(t,y);return i.source
vuser_end.c(3):     =t,i.subjectFactory=n,i})(t));var e}}},wY6C:function(t,e,n){"use strict";n.d(e,"a",(functi
vuser_end.c(3):     on(){return u}));var i=n("tk/3"),r=function(){function t(){}return t.prototype.encodeKey=f
vuser_end.c(3):     unction(t){return encodeURIComponent(t)},t.prototype.encodeValue=function(t){return encode
vuser_end.c(3):     URIComponent(t)},t.prototype.decodeKey=function(t){return decodeURIComponent(t)},t.prototy
vuser_end.c(3):     pe.decodeValue=function(t){return decodeURIComponent(t)},t}(),o=n("XaHf"),a=n("a+hj"),s=n(
vuser_end.c(3):     "fXoL"),u=function(){function t(t,e,n){this.httpClient=t,this.basePath="http://localhost/a
vuser_end.c(3):     uthenticator/api",this.defaultHeaders=new i.e,this.configuration=new a.a,n&&(this.configur
vuser_end.c(3):     ation=n),"string"!=typeof this.configuration.basePath&&("string"!=typeof e&&(e=this.basePa
vuser_end.c(3):     th),this.configuration.basePath=e),this.encoder=this.configuration.encoder||new r}return t
vuser_end.c(3):     .prototype.changeSelfPassword=function(t,e,n,r){if(void 0===e&&(e="body"),void 0===n&&(n=!
vuser_end.c(3):     1),null==t)throw new Error("Required parameter userAccountPasswordDto was null or undefine
vuser_end.c(3):     d when calling changeSelfPassword.");var o=this.defaultHeaders,a=r&&r.loaderKey,s=new i.f(
vuser_end.c(3):     {encoder:this.encoder});s=s.set("loaderKey",a||"default");var u=r&&r.httpHeaderAccept;null
vuser_end.c(3):     ==u&&(u=this.configuration.selectHeaderAccept(["application/json"])),void 0!==u&&(o=o.set(
vuser_end.c(3):     "Accept",u));var c=this.configuration.selectHeaderContentType(["application/json"]);void 0
vuser_end.c(3):     !==c&&(o=o.set("Content-Type",c));var l="json";return u&&u.startsWith("text")&&(l="text"),
vuser_end.c(3):     this.httpClient.post(this.configuration.basePath+"/internalauth/password",t,{params:s,resp
vuser_end.c(3):     onseType:l,withCredentials:this.configuration.withCredentials,headers:o,observe:e,reportPr
vuser_end.c(3):     ogress:n})},t.prototype.internalAuth=function(t,e,n){void 0===t&&(t="body"),void 0===e&&(e
vuser_end.c(3):     =!1);var r=this.defaultHeaders,o=n&&n.loaderKey,a=new i.f({encoder:this.encoder});a=a.set(
vuser_end.c(3):     "loaderKey",o||"default");var s=n&&n.httpHeaderAccept;null==s&&(s=this.configuration.selec
vuser_end.c(3):     tHeaderAccept(["application/json"])),void 0!==s&&(r=r.set("Accept",s));var u="json";return
vuser_end.c(3):      s&&s.startsWith("text")&&(u="text"),this.httpClient.post(this.configuration.basePath+"/in
vuser_end.c(3):     ternalauth/auth",null,{params:a,responseType:u,withCredentials:this.configuration.withCred
vuser_end.c(3):     entials,headers:r,observe:t,reportProgress:e})},t.prototype.internalLogout=function(t,e,n)
vuser_end.c(3):     {void 0===t&&(t="body"),void 0===e&&(e=!1);var r=this.defaultHeaders;if(this.configuration
vuser_end.c(3):     .accessToken){var o="function"==typeof this.configuration.accessToken?this.configuration.a
vuser_end.c(3):     ccessToken():this.configuration.accessToken;r=r.set("Authorization","Bearer "+o)}var a=n&&
vuser_end.c(3):     n.loaderKey,s=new i.f({encoder:this.encoder});s=s.set("loaderKey",a||"default");var u=n&&n
vuser_end.c(3):     .httpHeaderAccept;null==u&&(u=this.configuration.selectHeaderAccept(["application/json"]))
vuser_end.c(3):     ,void 0!==u&&(r=r.set("Accept",u));var c="json";return u&&u.startsWith("text")&&(c="text")
vuser_end.c(3):     ,this.httpClient.delete(this.configuration.basePath+"/internalauth/logout",{params:s,respo
vuser_end.c(3):     nseType:c,withCredentials:this.configuration.withCredentials,headers:r,observe:t,reportPro
vuser_end.c(3):     gress:e})},t.\\u0275fac=function(e){return new(e||t)(s.W
vuser_end.c(3): t=169454ms: 12287-byte response body for "http://192.168.109.240/internal/authutil/main.81b056e6adee1957fff7.js" (RelFrameId=, Internal ID=1328)
vuser_end.c(3):     b(i.c),s.Wb(o.a,8),s.Wb(a.a,8))},t.\\u0275prov=s.Ib({token:t,factory:t.\\u0275fac,provided
vuser_end.c(3):     In:"root"}),t}()},wZ1Y:function(t,e,n){"use strict";var i=n("wY6C");n.d(e,"InternalauthSer
vuser_end.c(3):     vice",(function(){return i.a}));var r=n("1moD");n.o(r,"ApiModule")&&n.d(e,"ApiModule",(fun
vuser_end.c(3):     ction(){return r.ApiModule})),n.o(r,"Configuration")&&n.d(e,"Configuration",(function(){re
vuser_end.c(3):     turn r.Configuration})),n("XaHf");var o=n("a+hj");n.d(e,"Configuration",(function(){return
vuser_end.c(3):      o.a}));var a=n("yGMR");n.d(e,"ApiModule",(function(){return a.a}))},wg2z:function(t,e,n){
vuser_end.c(3):     "use strict";n.d(e,"a",(function(){return i}));var i=function(){function t(t){void 0===t&&
vuser_end.c(3):     (t={}),this.apiKeys=t.apiKeys,this.username=t.username,this.password=t.password,this.acces
vuser_end.c(3):     sToken=t.accessToken,this.basePath=t.basePath,this.withCredentials=t.withCredentials,this.
vuser_end.c(3):     encoder=t.encoder}return t.prototype.selectHeaderContentType=function(t){var e=this;if(0!=
vuser_end.c(3):     =t.length){var n=t.find((function(t){return e.isJsonMime(t)}));return void 0===n?t[0]:n}},
vuser_end.c(3):     t.prototype.selectHeaderAccept=function(t){var e=this;if(0!==t.length){var n=t.find((funct
vuser_end.c(3):     ion(t){return e.isJsonMime(t)}));return void 0===n?t[0]:n}},t.prototype.isJsonMime=functio
vuser_end.c(3):     n(t){var e=new RegExp("^(application/json|[^;/ \\t]+/[^;/ \\t]+[+]json)[ \\t]*(;.*)?$","i"
vuser_end.c(3):     );return null!==t&&(e.test(t)||"application/json-patch+json"===t.toLowerCase())},t}()},wq8
vuser_end.c(3):     c:function(t,e,n){var i,r,o;!function(a){if("object"==typeof t.exports){var s=a(0,e);void 
vuser_end.c(3):     0!==s&&(t.exports=s)}else r=[n,e],void 0===(o="function"==typeof(i=a)?i.apply(e,r):i)||(t.
vuser_end.c(3):     exports=o)}((function(t,e){"use strict";Object.defineProperty(e,"__esModule",{value:!0});v
vuser_end.c(3):     ar n=void 0;e.default=["ru",[["AM","PM"],n,n],n,[["\\u0432\\u0441","\\u043f\\u043d","\\u04
vuser_end.c(3):     32\\u0442","\\u0441\\u0440","\\u0447\\u0442","\\u043f\\u0442","\\u0441\\u0431"],n,["\\u043
vuser_end.c(3):     2\\u043e\\u0441\\u043a\\u0440\\u0435\\u0441\\u0435\\u043d\\u044c\\u0435","\\u043f\\u043e\\
vuser_end.c(3):     u043d\\u0435\\u0434\\u0435\\u043b\\u044c\\u043d\\u0438\\u043a","\\u0432\\u0442\\u043e\\u04
vuser_end.c(3):     40\\u043d\\u0438\\u043a","\\u0441\\u0440\\u0435\\u0434\\u0430","\\u0447\\u0435\\u0442\\u04
vuser_end.c(3):     32\\u0435\\u0440\\u0433","\\u043f\\u044f\\u0442\\u043d\\u0438\\u0446\\u0430","\\u0441\\u04
vuser_end.c(3):     43\\u0431\\u0431\\u043e\\u0442\\u0430"],["\\u0432\\u0441","\\u043f\\u043d","\\u0432\\u0442
vuser_end.c(3):     ","\\u0441\\u0440","\\u0447\\u0442","\\u043f\\u0442","\\u0441\\u0431"]],[["\\u0412","\\u04
vuser_end.c(3):     1f","\\u0412","\\u0421","\\u0427","\\u041f","\\u0421"],["\\u0432\\u0441","\\u043f\\u043d",
vuser_end.c(3):     "\\u0432\\u0442","\\u0441\\u0440","\\u0447\\u0442","\\u043f\\u0442","\\u0441\\u0431"],["\\
vuser_end.c(3):     u0432\\u043e\\u0441\\u043a\\u0440\\u0435\\u0441\\u0435\\u043d\\u044c\\u0435","\\u043f\\u04
vuser_end.c(3):     3e\\u043d\\u0435\\u0434\\u0435\\u043b\\u044c\\u043d\\u0438\\u043a","\\u0432\\u0442\\u043e\\
vuser_end.c(3):     u0440\\u043d\\u0438\\u043a","\\u0441\\u0440\\u0435\\u0434\\u0430","\\u0447\\u0435\\u0442\\
vuser_end.c(3):     u0432\\u0435\\u0440\\u0433","\\u043f\\u044f\\u0442\\u043d\\u0438\\u0446\\u0430","\\u0441\\
vuser_end.c(3):     u0443\\u0431\\u0431\\u043e\\u0442\\u0430"],["\\u0432\\u0441","\\u043f\\u043d","\\u0432\\u0
vuser_end.c(3):     442","\\u0441\\u0440","\\u0447\\u0442","\\u043f\\u0442","\\u0441\\u0431"]],[["\\u042f","\\
vuser_end.c(3):     u0424","\\u041c","\\u0410","\\u041c","\\u0418","\\u0418","\\u0410","\\u0421","\\u041e","\\
vuser_end.c(3):     u041d","\\u0414"],["\\u044f\\u043d\\u0432.","\\u0444\\u0435\\u0432\\u0440.","\\u043c\\u043
vuser_end.c(3):     0\\u0440.","\\u0430\\u043f\\u0440.","\\u043c\\u0430\\u044f","\\u0438\\u044e\\u043d.","\\u0
vuser_end.c(3):     438\\u044e\\u043b.","\\u0430\\u0432\\u0433.","\\u0441\\u0435\\u043d\\u0442.","\\u043e\\u04
vuser_end.c(3):     3a\\u0442.","\\u043d\\u043e\\u044f\\u0431.","\\u0434\\u0435\\u043a."],["\\u044f\\u043d\\u0
vuser_end.c(3):     432\\u0430\\u0440\\u044f","\\u0444\\u0435\\u0432\\u0440\\u0430\\u043b\\u044f","\\u043c\\u0
vuser_end.c(3):     430\\u0440\\u0442\\u0430","\\u0430\\u043f\\u0440\\u0435\\u043b\\u044f","\\u043c\\u0430\\u0
vuser_end.c(3):     44f","\\u0438\\u044e\\u043d\\u044f","\\u0438\\u044e\\u043b\\u044f","\\u0430\\u0432\\u0433\\
vuser_end.c(3):     u0443\\u0441\\u0442\\u0430","\\u0441\\u0435\\u043d\\u0442\\u044f\\u0431\\u0440\\u044f","\\
vuser_end.c(3):     u043e\\u043a\\u0442\\u044f\\u0431\\u0440\\u044f","\\u043d\\u043e\\u044f\\u0431\\u0440\\u04
vuser_end.c(3):     4f","\\u0434\\u0435\\u043a\\u0430\\u0431\\u0440\\u044f"]],[["\\u042f","\\u0424","\\u041c",
vuser_end.c(3):     "\\u0410","\\u041c","\\u0418","\\u0418","\\u0410","\\u0421","\\u041e","\\u041d","\\u0414"]
vuser_end.c(3):     ,["\\u044f\\u043d\\u0432.","\\u0444\\u0435\\u0432\\u0440.","\\u043c\\u0430\\u0440\\u0442",
vuser_end.c(3):     "\\u0430\\u043f\\u0440.","\\u043c\\u0430\\u0439","\\u0438\\u044e\\u043d\\u044c","\\u0438\\
vuser_end.c(3):     u044e\\u043b\\u044c","\\u0430\\u0432\\u0433.","\\u0441\\u0435\\u043d\\u0442.","\\u043e\\u0
vuser_end.c(3):     43a\\u0442.","\\u043d\\u043e\\u044f\\u0431.","\\u0434\\u0435\\u043a."],["\\u044f\\u043d\\u
vuser_end.c(3):     0432\\u0430\\u0440\\u044c","\\u0444\\u0435\\u0432\\u0440\\u0430\\u043b\\u044c","\\u043c\\u
vuser_end.c(3):     0430\\u0440\\u0442","\\u0430\\u043f\\u0440\\u0435\\u043b\\u044c","\\u043c\\u0430\\u0439","
vuser_end.c(3):     \\u0438\\u044e\\u043d\\u044c","\\u0438\\u044e\\u043b\\u044c","\\u0430\\u0432\\u0433\\u0443
vuser_end.c(3):     \\u0441\\u0442","\\u0441\\u0435\\u043d\\u0442\\u044f\\u0431\\u0440\\u044c","\\u043e\\u043a
vuser_end.c(3):     \\u0442\\u044f\\u0431\\u0440\\u044c","\\u043d\\u043e\\u044f\\u0431\\u0440\\u044c","\\u0434
vuser_end.c(3):     \\u0435\\u043a\\u0430\\u0431\\u0440\\u044c"]],[["\\u0434\\u043e \\u043d.\\u044d.","\\u043d
vuser_end.c(3):     .\\u044d."],["\\u0434\\u043e \\u043d. \\u044d.","\\u043d. \\u044d."],["\\u0434\\u043e \\u0
vuser_end.c(3):     420\\u043e\\u0436\\u0434\\u0435\\u0441\\u0442\\u0432\\u0430 \\u0425\\u0440\\u0438\\u0441\\
vuser_end.c(3):     u0442\\u043e\\u0432\\u0430","\\u043e\\u0442 \\u0420\\u043e\\u0436\\u0434\\u0435\\u0441\\u0
vuser_end.c(3):     442\\u0432\\u0430 \\u0425\\u0440\\u0438\\u0441\\u0442\\u043e\\u0432\\u0430"]],1,[6,0],["dd
vuser_end.c(3):     .MM.y","d MMM y '\\u0433'.","d MMMM y '\\u0433'.","EEEE, d MMMM y '\\u0433'."],["HH:mm","H
vuser_end.c(3):     H:mm:ss","HH:mm:ss z","HH:mm:ss zzzz"],["{1}, {0}",n,n,n],[",","\\xa0",";","%","+","-","E"
vuser_end.c(3):     ,"\\xd7","\\u2030","\\u221e","\\u043d\\u0435\\xa0\\u0447\\u0438\\u0441\\u043b\\u043e",":"]
vuser_end.c(3):     ,["#,##0.###","#,##0\\xa0%","#,##0.00\\xa0\\xa4","#E0"],"RUB","\\u20bd","\\u0440\\u043e\\u
vuser_end.c(3):     0441\\u0441\\u0438\\u0439\\u0441\\u043a\\u0438\\u0439 \\u0440\\u0443\\u0431\\u043b\\u044c"
vuser_end.c(3):     ,{GEL:[n,"\\u10da"],RON:[n,"L"],RUB:["\\u20bd"],RUR:["\\u0440."],THB:["\\u0e3f"],TMT:["\\u
vuser_end.c(3):     0422\\u041c\\u0422"],TWD:["NT$"],UAH:["\\u20b4"],XXX:["XXXX"]},"ltr",function(t){var e=Mat
vuser_end.c(3):     h.floor(Math.abs(t)),n=t.toString().replace(/^[^.]*\\.?/,"").length;return 0===n&&e%10==1&
vuser_end.c(3):     &e%100!=11?1:0===n&&e%10===Math.floor(e%10)&&e%10>=2&&e%10<=4&&!(e%100>=12&&e%100<=14)?3:0
vuser_end.c(3):     ===n&&e%10==0||0===n&&e%10===Math.floor(e%10)&&e%10>=5&&e%10<=9||0===n&&e%100===Math.floor
vuser_end.c(3):     (e%100)&&e%100>=11&&e%100<=14?4:5}]}))},xgIS:function(t,e,n){"use strict";n.d(e,"a",(funct
vuser_end.c(3):     ion(){return u}));var i=n("KQm4"),r=n("HDdC"),o=n("DH7j"),a=n("n6bG"),s=n("lJxs");function
vuser_end.c(3):      u(t,e,n,c){return Object(a.a)(n)&&(c=n,n=void 0),c?u(t,e,n).pipe(Object(s.a)((function(t)
vuser_end.c(3):     {return Object(o.a)(t)?c.apply(void 0,Object(i.a)(t)):c(t)}))):new r.a((function(i){!funct
vuser_end.c(3):     ion t(e,n,i,r,o){var a;if(function(t){return t&&"function"==typeof t.addEventListener&&"fu
vuser_end.c(3):     nction"==typeof t.removeEventListener}(e)){var s=e;e.addEventListener(n,i,o),a=function(){
vuser_end.c(3):     return s.removeEventListener(n,i,o)}}else if(function(t){return t&&"function"==typeof t.on
vuser_end.c(3):     &&"function"==typeof t.off}(e)){var u=e;e.on(n,i),a=function(){return u.off(n,i)}}else if(
vuser_end.c(3):     function(t){return t&&"function"==typeof t.addListener&&"function"==typeof t.removeListene
vuser_end.c(3):     r}(e)){var c=e;e.addListener(n,i),a=function(){return c.removeListener(n,i)}}else{if(!e||!
vuser_end.c(3):     e.length)throw new TypeError("Invalid event target");for(var l=0,h=e.length;l<h;l++)t(e[l]
vuser_end.c(3):     ,n,i,r,o)}r.add(a)}(t,e,(function(t){i.next(arguments.length>1?Array.prototype.slice.call(
vuser_end.c(3):     arguments):t)}),i,n)}))}},yCtX:function(t,e,n){"use strict";n.d(e,"a",(function(){return a
vuser_end.c(3):     }));var i=n("HDdC"),r=n("ngJS"),o=n("jZKg");function a(t,e){return e?Object(o.a)(t,e):new 
vuser_end.c(3):     i.a(Object(r.a)(t))}},yGMR:function(t,e,n){"use strict";n.d(e,"a",(function(){return a}));
vuser_end.c(3):     var i=n("a+hj"),r=n("fXoL"),o=n("tk/3"),a=function(){function t(t,e){if(t)throw new Error(
vuser_end.c(3):     "ApiModule is already loaded. Import in your base AppModule only.");if(!e)throw new Error(
vuser_end.c(3):     "You need to import the HttpClientModule in your AppModule! \\nSee also https://github.com
vuser_end.c(3):     /angular/angular/issues/20575")}return t.forRoot=function(e){return{ngModule:t,providers:[
vuser_end.c(3):     {provide:i.a,useFactory:e}]}},t.\\u0275mod=r.Kb({type:t}),t.\\u0275inj=r.Jb({factory:funct
vuser_end.c(3):     ion(e){return new(e||t)(r.Wb(t,12),r.Wb(o.c,8))},providers:[],imports:[[]]}),t}()},"z+Ro":
vuser_end.c(3):     function(t,e,n){"use strict";function i(t){return t&&"function"==typeof t.schedule}n.d(e,"
vuser_end.c(3):     a",(function(){return i}))},"z/3t":function(t,e,n){"use strict";n.d(e,"a",(function(){retu
vuser_end.c(3):     rn a}));var i=n("wg2z"),r=n("fXoL"),o=n("tk/3"),a=function(){function t(t,e){if(t)throw ne
vuser_end.c(3):     w Error("ApiModule is already loaded. Import in your base AppModule only.");if(!e)throw ne
vuser_end.c(3):     w Error("You need to import the HttpClientModule in your AppModule! \\nSee also https://gi
vuser_end.c(3):     thub.com/angular/angular/issues/20575")}return t.forRoot=function(e){return{ngModule:t,pro
vuser_end.c(3):     viders:[{provide:i.a,useFactory:e}]}},t.\\u0275mod=r.Kb({type:t}),t.\\u0275inj=r.Jb({facto
vuser_end.c(3):     ry:function(e){return new(e||t)(r.Wb(t,12),r.Wb(o.c,8))},providers:[],imports:[[]]}),t}()}
vuser_end.c(3):     ,z6cu:function(t,e,n){"use strict";n.d(e,"a",(function(){return r}));var i=n("HDdC");funct
vuser_end.c(3):     ion r(t,e){return new i.a(e?function(n){return e.schedule(o,0,{error:t,subscriber:n})}:fun
vuser_end.c(3):     ction(e){return e.error(t)})}function o(t){t.subscriber.error(t.error)}},zUnb:function(t,e
vuser_end.c(3):     ,n){"use strict";n.r(e),n("bZMm");var i=n("fXoL"),r=n("jJ0+"),o=n("mrSG"),a=new RegExp("%(
vuser_end.c(3):     \\\\w+)\\\\.(\\\\w+)%"),s=function(){return function(t){var e,n;if(this.showVersion=!0,thi
vuser_end.c(3):     s.logoAlt="\\u0426\\u0410\\u041f",this.logoRedirect="",t){Object.assign(this,t);try{for(va
vuser_end.c(3):     r i=Object(o.d)(Object.entries(this)),r=i.next();!r.done;r=i.next()){var s=Object(o.c)(r.v
vuser_end.c(3):     alue,2),u=s[0],c=s[1];if("string"==typeof c){var l=a.exec(c);if(3===(null==l?void 0:l.leng
vuser_end.c(3):     th)){var h=window[l[1]];h&&(this[u]=c.replace(a,h[l[2]]))}}}}catch(f){e={error:f}}finally{
vuser_end.c(3):     try{r&&!r.done&&(n=i.return)&&n.call(i)}finally{if(e)throw e.error}}}}}(),u=n("Rw1y"),c=n(
vuser_end.c(3):     "ofXK"),l=n("tk/3"),h=n("wq8c"),f=n.n(h),d=n("jhN1"),p=n("R1ws"),v=function(){function t()
vuser_end.c(3):     {}return t.\\u0275mod=i.Kb({type:t}),t.\\u0275inj=i.Jb({factory:function(e){return new(e||
vuser_end.c(3):     t)},imports:[[c.b]]}),t}(),m=function(){function t(){}return t.prototype.canActivate=funct
vuser_end.c(3):     ion(t,e){return!0},t.prototype.canLoad=function(t,e){return!0},t.\\u0275prov=i.Ib({token:t
vuser_end.c(3):     ,factory:t.\\u0275fac=function(e){return new(e||t)},providedIn:"root"}),t}(),y=n("z6cu"),g
vuser_end.c(3):     =n("Izho"),b=n("3E0/"),_=n("w1tV"),k=n("JIr8"),O=n("MNlD"),w=n("1OyB"),j=n("vuIU"),C=n("/u
vuser_end.c(3):     Ut"),S=n("Kj3r"),x=n("IzEk"),E=n("HDdC"),A=n("quSY"),T=n("2Vo4"),I=function(){var t=functi
vuser_end.c(3):     on(){function t(){Object(w.a)(this,t),this.defaultKey="default",this.loadingSubjects=new M
vuser_end.c(3):     ap,this.loadingStacks=new Map,this.loadingKeyIndex=new Map}return Object(j.a)(t,[{key:"isL
vuser_end.c(3):     oading$",value:function(){var t=this,e=arguments.length>0&&void 0!==arguments[0]?arguments
vuser_end.c(3):     [0]:{},n=this.normalizeKeys(e.key);return new E.a((function(e){t.indexKeys(n);var i=t.load
vuser_end.c(3):     ingSubjects.get(n[0]).pipe(Object(C.a)(),Object(S.a)(10),Object(C.a)()).subscribe(e);retur
vuser_end.c(3):     n function(){i.unsubscribe(),n.forEach((function(e){return t.deIndexKey(e)}))}}))}},{key:"
vuser_end.c(3):     isLoading",value:function(){var t=arguments.length>0&&void 0!==arguments[0]?arguments[0]:{
vuser_end.c(3):     },e=this.normalizeKeys(t.key)[0],n=this.loadingSubjects.get(e);return n&&n.value||!1}},{ke
vuser_end.c(3):     y:"add",value:function(t,e){var n,i,r=this;if(t instanceof A.a){if(t.closed)return t;i=t,t
vuser_end.c(3):     .add((function(){return r.remove(t,e)}))}else if(t instanceof Promise)i=t,t.then((function
vuser_end.c(3):     (){return r.remove(t,e)}),(function(){return r.remove(t,e)}));else if(t instanceof E.a){if
vuser_end.c(3):     ((i=t.pipe(Object(x.a)(1)).subscribe()).closed)return t;i.add((function(){return r.remove(
vuser_end.c(3):     i,e)}))}else t&&(n=t.key);e&&e.key&&(n=e.key);var o=this.normalizeKeys(n);return this.inde
vuser_end.c(3):     xKeys(o),o.forEach((function(t){r.loadingStacks.get(t).push(i||!0),r.updateLoadingStatus(t
vuser_end.c(3):     )})),t instanceof E.a?t:i}},{key:"remove",value:function(t,e){var n,i,r=this;t instanceof 
vuser_end.c(3):     A.a||t instanceof Promise?i=t:t&&(n=t.key),e&&e.key&&(n=e.key),this.normalizeKeys(n).forEa
vuser_end.c(3):     ch((function(t){var e=r.loadingStacks.get(t);if(e){var n=e.indexOf(i||!0);n>=0&&(e.splice(
vuser_end.c(3):     n,1),r.updateLoadingStatus(t),r.deIndexKey(t))}}))}},{key:"normalizeKeys",value:function(t
vuser_end.c(3):     ){return t?Array.isArray(t)||(t=[t]):t=[this.defaultKey],t}},{key:"indexKeys",value:functi
vuser_end.c(3):     on(t){var e=this;t.forEach((function(t){if(e.loadingKeyIndex.has(t)){var n=e.loadingKeyInd
vuser_end.c(3):     ex.get(t);e.loadingKeyIndex.set(t,n+1)}else{var i=new T.a(!1);e.loadingKeyIndex.set(t,1),e
vuser_end.c(3):     .loadingSubjects.set(t,i),e.loadingStacks.set(t,[])}}))}},{key:"deIndexKey",value:function
vuser_end.c(3):     (t){var e=this.loadingKeyIndex.get(t);1===e?(this.loadingKeyIndex.delete(t),this.loadingSu
vuser_end.c(3):     bjects.delete(t),this.loadingStacks.delete(t)):this.loadingKeyIndex.set(t,e-1)}},{key:"upd
vuser_end.c(3):     ateLoadingStatus",value:function(t){var e=this.loadingStacks.get(t).length>0;this.loadingS
vuser_end.c(3):     ubjects.get(t).next(e)}}]),t}();return t.\\u0275fac=function(e){return new(e||t)},t.\\u027
vuser_end.c(3):     5prov=i.Ib({token:t,factory:t.\\u0275fac,
vuser_end.c(3): t=169459ms: 12287-byte response body for "http://192.168.109.240/internal/authutil/main.81b056e6adee1957fff7.js" (RelFrameId=, Internal ID=1328)
vuser_end.c(3):     providedIn:"root"}),t.ngInjectableDef=Object(i.T)({factory:function(){return new t},token:
vuser_end.c(3):     t,providedIn:"root"}),t}(),R=n("E3Zs"),P=n("tyNb"),N=n("YVjz"),D=function(){function t(t,e
vuser_end.c(3):     ,n,i,r,o,a){this.authService=t,this.loadingService=e,this.localStorage=n,this.logger=i,thi
vuser_end.c(3):     s.router=r,this.notificationService=o,this.document=a}return t.prototype.intercept=functio
vuser_end.c(3):     n(t,e){var n=this;this.configuration=JSON.parse(sessionStorage.getItem(r.a.CONFIGURATION))
vuser_end.c(3):     ;var i=this.authService.credentials;return t.url.startsWith(this.configuration.authenticat
vuser_end.c(3):     orBasePath)&&i&&(t=t.clone({setHeaders:{Authorization:"Basic "+i}})),this.loadingService.a
vuser_end.c(3):     dd(e.handle(t).pipe(Object(b.a)(10),Object(_.a)()),{key:t.params.get("loaderKey")}).pipe(O
vuser_end.c(3):     bject(k.a)((function(e){var i,r,o=null==e?void 0:e.error;n.loadingService.remove({key:t.pa
vuser_end.c(3):     rams.get("loaderKey")});var a=(null==o?void 0:o.userMessage)||o.reason;switch(e.status){ca
vuser_end.c(3):     se 400:a=null!=a?a:"\\u0421\\u0435\\u0440\\u0432\\u0435\\u0440 \\u043d\\u0435 \\u043c\\u04
vuser_end.c(3):     3e\\u0436\\u0435\\u0442 \\u043f\\u043e\\u043d\\u044f\\u0442\\u044c \\u0437\\u0430\\u043f\\
vuser_end.c(3):     u0440\\u043e\\u0441 \\u0438\\u0437-\\u0437\\u0430 \\u043d\\u0435\\u0432\\u0435\\u0440\\u04
vuser_end.c(3):     3d\\u044b\\u0445 \\u0434\\u0430\\u043d\\u043d\\u044b\\u0445";break;case 401:a=null!=a?a:"\\
vuser_end.c(3):     u0420\\u0430\\u0431\\u043e\\u0447\\u0430\\u044f \\u0441\\u0435\\u0441\\u0441\\u0438\\u044f
vuser_end.c(3):      \\u0431\\u044b\\u043b\\u0430 \\u043f\\u0440\\u0435\\u043a\\u0440\\u0430\\u0449\\u0435\\u0
vuser_end.c(3):     43d\\u0430 \\u043f\\u043e \\u043f\\u0440\\u0438\\u0447\\u0438\\u043d\\u0435 \\u043d\\u0435
vuser_end.c(3):     \\u0430\\u043a\\u0442\\u0438\\u0432\\u043d\\u043e\\u0441\\u0442\\u0438",n.authService.clea
vuser_end.c(3):     rUserSession(),n.router.routerState.snapshot.url.startsWith("/auth/login")||n.router.navig
vuser_end.c(3):     ate(["/auth/login"],{queryParams:{returnUrl:n.router.routerState.snapshot.url}});break;cas
vuser_end.c(3):     e 403:a=null!=a?a:"\\u0423 \\u0432\\u0430\\u0448\\u0435\\u0439 \\u0443\\u0447\\u0451\\u044
vuser_end.c(3):     2\\u043d\\u043e\\u0439 \\u0437\\u0430\\u043f\\u0438\\u0441\\u0438 \\u043d\\u0435 \\u0445\\
vuser_end.c(3):     u0432\\u0430\\u0442\\u0430\\u0435\\u0442 \\u043f\\u0440\\u0430\\u0432 \\u043d\\u0430 \\u04
vuser_end.c(3):     34\\u0430\\u043d\\u043d\\u0443\\u044e \\u043e\\u043f\\u0435\\u0440\\u0430\\u0446\\u0438\\u
vuser_end.c(3):     044e";break;case 404:a=null!=a?a:"\\u0420\\u0435\\u0441\\u0443\\u0440\\u0441 \\u043d\\u043
vuser_end.c(3):     5 \\u043d\\u0430\\u0439\\u0434\\u0435\\u043d";break;case 406:a=null!=a?a:"\\u041d\\u0435\\
vuser_end.c(3):     u0434\\u043e\\u043f\\u0443\\u0441\\u0442\\u0438\\u043c\\u0430\\u044f \\u043e\\u043f\\u0435
vuser_end.c(3):     \\u0440\\u0430\\u0446\\u0438\\u044f, \\u0434\\u0430\\u043d\\u043d\\u044b\\u0435 \\u043d\\u
vuser_end.c(3):     0435 \\u043d\\u0430\\u0439\\u0434\\u0435\\u043d\\u044b";break;case 408:a=null!=a?a:"\\u042
vuser_end.c(3):     2\\u0430\\u0439\\u043c\\u0430\\u0443\\u0442 \\u043e\\u0436\\u0438\\u0434\\u0430\\u043d\\u0
vuser_end.c(3):     438\\u044f \\u0432\\u044b\\u043f\\u043e\\u043b\\u043d\\u0435\\u043d\\u0438\\u044f \\u0437\\
vuser_end.c(3):     u0430\\u043f\\u0440\\u043e\\u0441\\u0430";break;case 409:a=null!=a?a:"\\u0417\\u0430\\u043
vuser_end.c(3):     f\\u0440\\u043e\\u0441 \\u043a\\u043e\\u043d\\u0444\\u043b\\u0438\\u043a\\u0442\\u0443\\u0
vuser_end.c(3):     435\\u0442 \\u0441 \\u0442\\u0435\\u043a\\u0443\\u0449\\u0438\\u043c \\u0441\\u043e\\u0441
vuser_end.c(3):     \\u0442\\u043e\\u044f\\u043d\\u0438\\u0435\\u043c \\u0441\\u0435\\u0440\\u0432\\u0435\\u04
vuser_end.c(3):     40\\u0430";break;case 502:case 503:case 504:a="\\u0421\\u0435\\u0440\\u0432\\u0435\\u0440 
vuser_end.c(3):     \\u043d\\u0435\\u0434\\u043e\\u0441\\u0442\\u0443\\u043f\\u0435\\u043d";break;default:a=nu
vuser_end.c(3):     ll!=a?a:"\\u041d\\u0435\\u0438\\u0437\\u0432\\u0435\\u0441\\u0442\\u043d\\u0430\\u044f \\u
vuser_end.c(3):     043e\\u0448\\u0438\\u0431\\u043a\\u0430 \\u043d\\u0430 \\u0441\\u0435\\u0440\\u0432\\u0435
vuser_end.c(3):     \\u0440\\u0435"}if((null===(i=null==o?void 0:o.fields)||void 0===i?void 0:i.length)>0){var
vuser_end.c(3):      s=n.document.getElementById(o.fields[0]);s&&O.a.scrollToElement(s)}return a?(n.notificati
vuser_end.c(3):     onService.error(a,"\\u0421\\u0438\\u0441\\u0442\\u0435\\u043c\\u043d\\u043e\\u0435 \\u0441
vuser_end.c(3):     \\u043e\\u043e\\u0431\\u0449\\u0435\\u043d\\u0438\\u0435: "+((null==o?void 0:o.systemMessa
vuser_end.c(3):     ge)||"")+"\\n\\n\\u041a\\u043e\\u0440\\u043d\\u0435\\u0432\\u043e\\u0435 \\u0441\\u043e\\u
vuser_end.c(3):     043e\\u0431\\u0449\\u0435\\u043d\\u0438\\u0435: "+((null==o?void 0:o.rootMessage)||"-")+"\\
vuser_end.c(3):     n\\n\\u041f\\u043e\\u043b\\u044f: ["+((null===(r=null==o?void 0:o.fields)||void 0===r?void
vuser_end.c(3):      0:r.join("; "))||"")+"]"),n.logger.error(e.error)):n.logger.error(a),Object(y.a)(e)})))},
vuser_end.c(3):     t.\\u0275fac=function(e){return new(e||t)(i.Wb(g.a),i.Wb(I),i.Wb(g.b),i.Wb(R.b),i.Wb(P.c),
vuser_end.c(3):     i.Wb(N.a),i.Wb(c.c))},t.\\u0275prov=i.Ib({token:t,factory:t.\\u0275fac,providedIn:"root"})
vuser_end.c(3):     ,t}(),M=n("PCNd"),V=n("VO+5"),F=n("wZ1Y"),L=n("Uiy1"),B=[{path:"auth",loadChildren:functio
vuser_end.c(3):     n(){return n.e(5).then(n.bind(null,"GV7f")).then((function(t){return t.AuthModule}))}},{pa
vuser_end.c(3):     th:"",redirectTo:"auth",pathMatch:"full"},{path:"**",component:function(){function t(){}re
vuser_end.c(3):     turn t.prototype.ngOnInit=function(){},t.\\u0275fac=function(e){return new(e||t)},t.\\u027
vuser_end.c(3):     5cmp=i.Gb({type:t,selectors:[["adm-not-found"]],decls:6,vars:0,consts:[[1,"not-found"],[1,
vuser_end.c(3):     "content"]],template:function(t,e){1&t&&(i.Sb(0,"div",0),i.Sb(1,"div",1),i.Sb(2,"h1"),i.yc
vuser_end.c(3):     (3,"404"),i.Rb(),i.Sb(4,"span"),i.yc(5,"\\u041d\\u0435\\u0442 \\u0442\\u0430\\u043a\\u043e
vuser_end.c(3):     \\u0439 \\u0441\\u0442\\u0440\\u0430\\u043d\\u0438\\u0446\\u044b"),i.Rb(),i.Rb(),i.Rb())},
vuser_end.c(3):     styles:[".not-found[_ngcontent-%COMP%]{display:flex;height:100vh}.content[_ngcontent-%COMP
vuser_end.c(3):     %]{color:grey;margin:auto;text-align:center}h1[_ngcontent-%COMP%]{color:inherit;font-size:
vuser_end.c(3):     8rem}span[_ngcontent-%COMP%]{font-size:3rem}"]}),t}()}],U=function(){function t(){}return 
vuser_end.c(3):     t.\\u0275mod=i.Kb({type:t}),t.\\u0275inj=i.Jb({factory:function(e){return new(e||t)},impor
vuser_end.c(3):     ts:[[P.d.forRoot(B,{anchorScrolling:"enabled"})],P.d]}),t}(),H=n("XKlN"),z={validationMess
vuser_end.c(3):     age:{required:"\\u041f\\u043e\\u043b\\u0435 \\u0434\\u043e\\u043b\\u0436\\u043d\\u043e \\u
vuser_end.c(3):     0431\\u044b\\u0442\\u044c \\u0437\\u0430\\u043f\\u043e\\u043b\\u043d\\u0435\\u043d\\u043e"
vuser_end.c(3):     ,minLength:"\\u041f\\u043e\\u043b\\u0435 \\u0434\\u043e\\u043b\\u0436\\u043d\\u043e \\u043
vuser_end.c(3):     1\\u044b\\u0442\\u044c \\u0434\\u043b\\u0438\\u043d\\u043e\\u0439 \\u043c\\u0438\\u043d\\u
vuser_end.c(3):     0438\\u043c\\u0443\\u043c {{1}} \\u0441\\u0438\\u043c\\u0432\\u043e\\u043b\\u043e\\u0432",
vuser_end.c(3):     maxLength:"\\u041f\\u043e\\u043b\\u0435 \\u0434\\u043e\\u043b\\u0436\\u043d\\u043e \\u0431
vuser_end.c(3):     \\u044b\\u0442\\u044c \\u0434\\u043b\\u0438\\u043d\\u043e\\u0439 \\u043c\\u0430\\u043a\\u0
vuser_end.c(3):     441\\u0438\\u043c\\u0443\\u043c {{1}} \\u0441\\u0438\\u043c\\u0432\\u043e\\u043b\\u043e\\u
vuser_end.c(3):     0432",compare:"\\u041f\\u043e\\u043b\\u0435 \\u0434\\u043e\\u043b\\u0436\\u043d\\u043e \\u
vuser_end.c(3):     0431\\u044b\\u0442\\u044c \\u0440\\u0430\\u0432\\u043d\\u044b\\u043c \\u043f\\u043e\\u043b
vuser_end.c(3):     \\u044e {{0}}",alpha:"\\u0412\\u044b \\u043c\\u043e\\u0436\\u0435\\u0442\\u0435 \\u0432\\u
vuser_end.c(3):     0432\\u043e\\u0434\\u0438\\u0442\\u044c \\u0442\\u043e\\u043b\\u044c\\u043a\\u043e \\u0431
vuser_end.c(3):     \\u0443\\u043a\\u0432\\u044b",password:{minLength:"\\u041f\\u043e\\u043b\\u0435 \\u0434\\u
vuser_end.c(3):     043e\\u043b\\u0436\\u043d\\u043e \\u0431\\u044b\\u0442\\u044c \\u0434\\u043b\\u0438\\u043d
vuser_end.c(3):     \\u043e\\u0439 \\u043c\\u0438\\u043d\\u0438\\u043c\\u0443\\u043c 6 \\u0441\\u0438\\u043c\\
vuser_end.c(3):     u0432\\u043e\\u043b\\u043e\\u0432",maxLength:"\\u041f\\u043e\\u043b\\u0435 \\u0434\\u043e\\
vuser_end.c(3):     u043b\\u0436\\u043d\\u043e \\u0431\\u044b\\u0442\\u044c \\u0434\\u043b\\u0438\\u043d\\u043
vuser_end.c(3):     e\\u0439 \\u043c\\u0430\\u043a\\u0441\\u0438\\u043c\\u0443\\u043c 99 \\u0441\\u0438\\u043c
vuser_end.c(3):     \\u0432\\u043e\\u043b\\u043e\\u0432"},numeric:"\\u041f\\u043e\\u043b\\u0435 \\u0434\\u043e
vuser_end.c(3):     \\u043b\\u0436\\u043d\\u043e \\u0441\\u043e\\u0434\\u0435\\u0440\\u0436\\u0430\\u0442\\u04
vuser_end.c(3):     4c \\u0447\\u0438\\u0441\\u043b\\u0430",digit:"\\u041f\\u043e\\u043b\\u0435 \\u0434\\u043e
vuser_end.c(3):     \\u043b\\u0436\\u043d\\u043e \\u0431\\u044b\\u0442\\u044c \\u0447\\u0438\\u0441\\u043b\\u0
vuser_end.c(3):     43e\\u043c",different:"\\u041f\\u043e\\u043b\\u0435 \\u0434\\u043e\\u043b\\u0436\\u043d\\u
vuser_end.c(3):     043e \\u0438\\u043c\\u0435\\u0442\\u044c \\u0437\\u043d\\u0430\\u0447\\u0435\\u043d\\u0438
vuser_end.c(3):     \\u0435 \\u043e\\u0442\\u043b\\u0438\\u0447\\u043d\\u043e\\u0435 \\u043e\\u0442 \\u043f\\u
vuser_end.c(3):     043e\\u043b\\u044f \\u0441\\u043e \\u0437\\u043d\\u0430\\u0447\\u0435\\u043d\\u0438\\u0435
vuser_end.c(3):     \\u043c key1",loginExists:"\\u041b\\u043e\\u0433\\u0438\\u043d \\u0441 \\u0442\\u0430\\u04
vuser_end.c(3):     3a\\u0438\\u043c \\u0438\\u043c\\u0435\\u043d\\u0435\\u043c \\u0443\\u0436\\u0435 \\u0441\\
vuser_end.c(3):     u0443\\u0449\\u0435\\u0441\\u0442\\u0432\\u0443\\u0435\\u0442",urlOpenApi:"{{0}} \\u043d\\
vuser_end.c(3):     u0435 \\u044f\\u0432\\u043b\\u044f\\u0435\\u0442\\u0441\\u044f \\u0441\\u0441\\u044b\\u043
vuser_end.c(3):     b\\u043a\\u043e\\u0439 \\u043d\\u0430 \\u0441\\u043f\\u0435\\u0446\\u0438\\u0444\\u0438\\u
vuser_end.c(3):     043a\\u0430\\u0446\\u0438\\u044e OpenApi",alphaNumeric:"\\u041f\\u043e\\u043b\\u0435 \\u04
vuser_end.c(3):     3c\\u043e\\u0436\\u0435\\u0442 \\u0441\\u043e\\u0434\\u0435\\u0440\\u0436\\u0430\\u0442\\u
vuser_end.c(3):     044c \\u0442\\u043e\\u043b\\u044c\\u043a\\u043e \\u0431\\u0443\\u043a\\u0432\\u044b \\u043
vuser_end.c(3):     8 \\u0446\\u0438\\u0444\\u0440\\u044b"}},W=n("7EHt"),K=["templateRef"];function q(t,e){if(
vuser_end.c(3):     1&t){var n=i.Tb();i.Sb(0,"p",1),i.yc(1),i.Rb(),i.Sb(2,"button",2),i.ac("click",(function()
vuser_end.c(3):     {return e.notification.component.onClickDismiss()})),i.dc(),i.Sb(3,"svg",3),i.Nb(4,"path",
vuser_end.c(3):     4),i.Rb(),i.Rb(),i.cc(),i.Sb(5,"mat-expansion-panel",5),i.ac("expandedChange",(function(t)
vuser_end.c(3):     {return i.oc(n),i.ec().isExpanded=t})),i.Sb(6,"mat-expansion-panel-header"),i.Sb(7,"mat-pa
vuser_end.c(3):     nel-title"),i.yc(8," \\u041f\\u043e\\u0434\\u0440\\u043e\\u0431\\u043d\\u0435\\u0435 "),i.
vuser_end.c(3):     Rb(),i.Rb(),i.yc(9),i.Rb()}if(2&t){var r=e.notification,o=i.ec();i.Bb(1),i.zc(r.message),i
vuser_end.c(3):     .Bb(4),i.jc("expanded",o.isExpanded),i.Bb(4),i.Ac(" ",r.description," ")}}var G=function()
vuser_end.c(3):     {function t(){}return t.prototype.ngOnInit=function(){},t.\\u0275fac=function(e){return ne
vuser_end.c(3):     w(e||t)},t.\\u0275cmp=i.Gb({type:t,selectors:[["adm-notification"]],viewQuery:function(t,e
vuser_end.c(3):     ){var n;1&t&&i.sc(K,!0),2&t&&i.mc(n=i.bc())&&(e.template=n.first)},decls:2,vars:0,consts:[
vuser_end.c(3):     ["templateRef",""],[1,"notifier__notification-message"],["type","button","title","\\u0417\\
vuser_end.c(3):     u0430\\u043a\\u0440\\u044b\\u0442\\u044c",1,"notifier__notification-button",3,"click"],["v
vuser_end.c(3):     iewBox","0 0 24 24","width","20","height","20",1,"notifier__notification-button-icon"],["d
vuser_end.c(3):     ","M19 6.41L17.59 5 12 10.59 6.41 5 5 6.41 10.59 12 5 17.59 6.41 19 12 13.41 17.59 19 19 1
vuser_end.c(3):     7.59 13.41 12z"],[3,"expanded","expandedChange"]],template:function(t,e){1&t&&i.wc(0,q,10,
vuser_end.c(3):     3,"ng-template",null,0,i.xc)},directives:[W.b,W.c,W.d],styles:[""]}),t}(),Z=n("kiQV"),J=n(
vuser_end.c(3):     "pLZG"),X=n("lJxs"),$=function(){function t(t){this.router=t}return Object.defineProperty(
vuser_end.c(3):     t.prototype,"currentUrl$",{get:function(){return this.router.events.pipe(Object(J.a)((func
vuser_end.c(3):     tion(t){return t instanceof P.b})),Object(X.a)((function(t){return Object(o.c)(t.url.split
vuser_end.c(3):     ("?"),2)[0]})))},enumerable:!1,configurable:!0}),t.\\u0275fac=function(e){return new(e||t)
vuser_end.c(3):     (i.Wb(P.c))},t.\\u0275prov=i.Ib({token:t,factory:t.\\u0275fac,providedIn:"root"}),t}(),Q=n
vuser_end.c(3):     ("oY8r"),Y=n("+rOU"),tt=n("rDax"),et=function(){function t(t,e){this.overlay=t,this.loadin
vuser_end.c(3):     gService=e}return t.prototype.runInBackground=function(){var t=this;this.loadingService.is
vuser_end.c(3):     Loading$({key:"default"}).subscribe((function(e){var n;e?(t.overlayRef=t.overlay.create({p
vuser_end.c(3):     ositionStrategy:t.overlay.position().global().centerVertically().centerHorizontally(),hasB
vuser_end.c(3):     ackdrop:!0}),t.overlayRef.attach(new Y.c(Q.a))):null===(n=t.overlayRef)||void 0===n||n.det
vuser_end.c(3):     ach()}))},t.prototype.ngOnDestroy=function(){this.overlayRef.dispose()},t.\\u0275fac=funct
vuser_end.c(3):     ion(e){return new(e||t)(i.Wb(tt.c),i.Wb(I))},t.\\u0275prov=i.Ib({token:t,factory:t.\\u0275
vuser_end.c(3):     fac,providedIn:"root"}),t}(),nt=n("mNfX"),it=n("/t3+");function rt(t,e){if(1&t&&(i.Sb(0,"f
vuser_end.c(3):     ooter",4),i.Sb(1,"div",5),i.Sb(2,"div",6),i.Sb(3,"span"),i.yc(4),i.Rb(),i.Rb(),i.Rb(),i.Rb
vuser_end.c(3):     ()),2&t){var n=i.ec();i.Bb(4),i.Ac("\\u0422\\u0435\\u0445\\u043d\\u0438\\u0447\\u0435\\u04
vuser_end.c(3):     41\\u043a\\u0430\\u044f \\u0432\\u0435\\u0440\\u0441\\u0438\\u044f: ",n.version,"")}}var o
vuser_end.c(3):     t=function(){function t(t,e,n,i,o,a){this.authService=t,this.navigationService=e,this.over
vuser_end.c(3):     layService=n,this.storage=i,this.router=o,this.notificationService=a,this.version=Z.a,this
vuser_end.c(3):     .configuration=JSON.parse(sessionStorage.getItem(r.a.CONFIGURATION))}return t.prototype.ng
vuser_end.c(3):     OnInit=function(){var t=this;this.navigationService.currentUrl$.subscribe((function(e){ret
vuser_end.c(3):     urn t.currentUrl=e})),H.a.set(z),this.overlayService.runInBackground()},t.prototype.ngAfte
vuser_end.c(3):     rViewInit=function(){this.notificationService.setTemplate(this.notificationComponent.templ
vuser_end.c(3):     ate)},t.\\u0275fac=function(e){return new(e||t)(i.Mb(g.a),i.Mb($),i.Mb(et),i.Mb(nt.a),i.Mb
vuser_end.c(3):     (P.c),i.Mb(N.a))},t.\\u0275cmp=i.Gb({type:t,selectors:[["adm-root"]],viewQuery:function(t,
vuser_end.c(3):     e){var n;1&t&&i.sc(G,!0),2&t&&i.mc(n=i.bc())&&(e.notificationComponent=n.first)},decls:9,v
vuser_end.c(3):     ars:4,consts:[[1,"app-header"],[1,"logo-image",3,"href","title"],[1,"adm-toolbar-label"],[
vuser_end.c(3):     "class","adm-footer",4,"ngIf"],[1,"adm-footer"],[1,"adm-footer-wrapper"],[1,"adm-version"]
vuser_end.c(3):     ],template:function(t,e){1&t&&(i.Sb(0,"mat-toolbar",0),i.Sb(1,"mat-toolbar-row"),i.Nb(2,"a
vuser_end.c(3):     ",1),i.Sb(3,"h4",2),i.yc(4),i.Rb(),i.Rb(),i.Rb(),i.Nb(5,"router-outlet"),i.Nb(6,"notifier-
vuser_end.c(3):     container"),i.Nb(7,"adm-notification"),i.wc(8,rt,5,1,"footer",3)),2&t&&(i.Bb(2),i.jc("href
vuser_end.c(3):     ",null==e.configuration?null:e.configuration.logoRedirect,i.pc)("title",null==e.configurat
vuser_end.c(3):     ion?null:e.configuration.logoAlt),i.Bb(2),i.zc(null==e.configuration?null:e.configuration.
vuser_end.c(3):     title),i.Bb(4),i.jc("ngIf",null==e.configuratio
vuser_end.c(3): t=169465ms: 4478-byte response body for "http://192.168.109.240/internal/authutil/main.81b056e6adee1957fff7.js" (RelFrameId=, Internal ID=1328)
vuser_end.c(3):     n?null:e.configuration.showVersion))},directives:[it.a,it.c,P.e,V.a,G,c.l],styles:[".app-h
vuser_end.c(3):     eader[_ngcontent-%COMP%]{color:#fff;position:relative;padding:0;background:var(--panel-hea
vuser_end.c(3):     der-background,#a9a9a9)!important;box-shadow:0 1px 4px rgba(0,21,41,.08);font-size:1.1rem}
vuser_end.c(3):     .logo-image[_ngcontent-%COMP%]{height:40px;width:40px;background-color:var(--img-logo-head
vuser_end.c(3):     er,#a9a9a9);-webkit-mask-image:var(--img-logo);mask-image:var(--img-logo);-webkit-mask-pos
vuser_end.c(3):     ition:center,center;-webkit-mask-repeat:no-repeat,no-repeat;-webkit-mask-size:40px 40px;ma
vuser_end.c(3):     sk-position:center,center;mask-repeat:no-repeat,no-repeat;mask-size:40px 40px}"]}),t}(),at
vuser_end.c(3):     =function(){function t(t,e){this.document=t,this.notification=e}return t.prototype.loadThe
vuser_end.c(3):     me=function(t){var e=this.document.getElementsByTagName("head")[0],n="themes/"+(t||"defaul
vuser_end.c(3):     t")+"/theme.css",i=this.document.getElementById("theme");if(i)i.href=n;else{var r=this.doc
vuser_end.c(3):     ument.createElement("link");r.id="theme",r.rel="stylesheet",r.href=n,e.appendChild(r)}cons
vuser_end.c(3):     ole.warn("\\u0417\\u0430\\u0433\\u0440\\u0443\\u0437\\u0438\\u043b\\u0438 \\u0441\\u0442\\
vuser_end.c(3):     u0438\\u043b\\u0438 \\u0442\\u0435\\u043c\\u044b "+t)},t.\\u0275fac=function(e){return new
vuser_end.c(3):     (e||t)(i.Wb(c.c),i.Wb(N.a))},t.\\u0275prov=i.Ib({token:t,factory:t.\\u0275fac,providedIn:"
vuser_end.c(3):     root"}),t}();function st(){var t=sessionStorage.getItem(r.a.CONFIGURATION);return new s(t?
vuser_end.c(3):     JSON.parse(t):null)}function ut(){var t=st();return new L.Configuration({basePath:t.curren
vuser_end.c(3):     tUserManagerBasePath,withCredentials:!0})}function ct(){var t=st();return new F.Configurat
vuser_end.c(3):     ion({basePath:t.authenticatorBasePath,withCredentials:!0})}n("z/3t"),n("yGMR"),Object(c.y)
vuser_end.c(3):     (f.a);var lt=function(){function t(t){this.service=t,t.loadTheme(st().theme)}return t.\\u0
vuser_end.c(3):     275mod=i.Kb({type:t,bootstrap:[ot]}),t.\\u0275inj=i.Jb({factory:function(e){return new(e||
vuser_end.c(3):     t)(i.Wb(at))},providers:[at,{provide:l.a,useClass:D,multi:!0},m,{provide:i.v,useValue:"ru-
vuser_end.c(3):     RU"}],imports:[[d.a,U,p.b,M.a,v,V.b.withConfig({animations:{enabled:!0},theme:"material",b
vuser_end.c(3):     ehaviour:{autoHide:5e3},position:{horizontal:{position:"right"},vertical:{position:"top"}}
vuser_end.c(3):     }),R.a.forRoot({disableConsoleLogging:true,serverLogLevel:R.c.OFF,enableSourceMaps:!1,leve
vuser_end.c(3):     l:R.c.OFF}),L.ApiModule.forRoot(ut),F.ApiModule.forRoot(ct),u.b]]}),t}();Object(i.U)();var
vuser_end.c(3):      ht=document.getElementsByTagName("base")[0].href;sessionStorage.removeItem(r.a.CONFIGURAT
vuser_end.c(3):     ION),window.fetch(ht+"/configurations/configuration.json").then((function(t){return t.json
vuser_end.c(3):     ()})).then((function(t){var e=new s(t);sessionStorage.setItem(r.a.CONFIGURATION,JSON.strin
vuser_end.c(3):     gify(e)),d.c().bootstrapModule(lt).catch((function(t){return console.error(t)}))})).catch(
vuser_end.c(3):     (function(t){if(console.log(t),!confirm("\\u041a\\u043e\\u043d\\u0444\\u0438\\u0433\\u0443
vuser_end.c(3):     \\u0440\\u0430\\u0446\\u0438\\u044f \\u043f\\u0440\\u0438\\u043b\\u043e\\u0436\\u0435\\u04
vuser_end.c(3):     3d\\u0438\\u044f \\u043d\\u0435 \\u043d\\u0430\\u0439\\u0434\\u0435\\u043d\\u0430. \\u041e
vuser_end.c(3):     \\u0431\\u0440\\u0430\\u0442\\u0438\\u0442\\u0435\\u0441\\u044c \\u043a \\u0430\\u0434\\u0
vuser_end.c(3):     43c\\u0438\\u043d\\u0438\\u0441\\u0442\\u0440\\u0430\\u0442\\u043e\\u0440\\u0443"))throw n
vuser_end.c(3):     ew Error("\\u041a\\u043e\\u043d\\u0444\\u0438\\u0433\\u0443\\u0440\\u0430\\u0446\\u0438\\u
vuser_end.c(3):     044f \\u043f\\u0440\\u0438\\u043b\\u043e\\u0436\\u0435\\u043d\\u0438\\u044f \\u043d\\u0435
vuser_end.c(3):      \\u043d\\u0430\\u0439\\u0434\\u0435\\u043d\\u0430");location.reload()}))},zn8P:function(t
vuser_end.c(3):     ,e){function n(t){return Promise.resolve().then((function(){var e=new Error("Cannot find m
vuser_end.c(3):     odule '"+t+"'");throw e.code="MODULE_NOT_FOUND",e}))}n.keys=function(){return[]},n.resolve
vuser_end.c(3):     =n,t.exports=n,n.id="zn8P"},zx2A:function(t,e,n){"use strict";n.d(e,"a",(function(){return
vuser_end.c(3):      l})),n.d(e,"b",(function(){return h})),n.d(e,"c",(function(){return f}));var i=n("1OyB"),
vuser_end.c(3):     r=n("vuIU"),o=n("Ji7U"),a=n("LK+K"),s=n("7o/Q"),u=n("HDdC"),c=n("SeVD"),l=function(t){Obje
vuser_end.c(3):     ct(o.a)(n,t);var e=Object(a.a)(n);function n(t){var r;return Object(i.a)(this,n),(r=e.call
vuser_end.c(3):     (this)).parent=t,r}return Object(r.a)(n,[{key:"_next",value:function(t){this.parent.notify
vuser_end.c(3):     Next(t)}},{key:"_error",value:function(t){this.parent.notifyError(t),this.unsubscribe()}},
vuser_end.c(3):     {key:"_complete",value:function(){this.parent.notifyComplete(),this.unsubscribe()}}]),n}(s
vuser_end.c(3):     .a),h=function(t){Object(o.a)(n,t);var e=Object(a.a)(n);function n(){return Object(i.a)(th
vuser_end.c(3):     is,n),e.apply(this,arguments)}return Object(r.a)(n,[{key:"notifyNext",value:function(t){th
vuser_end.c(3):     is.destination.next(t)}},{key:"notifyError",value:function(t){this.destination.error(t)}},
vuser_end.c(3):     {key:"notifyComplete",value:function(){this.destination.complete()}}]),n}(s.a);function f(
vuser_end.c(3):     t,e){if(!e.closed)return t instanceof u.a?t.subscribe(e):Object(c.a)(t)(e)}}},[[0,0]]]);
vuser_end.c(3): web_url("logout") was successful, 1622907 body bytes, 1507 header bytes  	[MsgId: MMSG-26386]
vuser_end.c(12): web_add_header("Origin") started  	[MsgId: MMSG-26355]
vuser_end.c(12): web_add_header("Origin") was successful  	[MsgId: MMSG-26392]
vuser_end.c(14): web_custom_request("logout_2") started  	[MsgId: MMSG-26355]
vuser_end.c(14): t=169621ms: 306-byte response headers for "http://192.168.109.240/internal/auth/authenticator/api/internalauth/logout?loaderKey=default" (RelFrameId=1, Internal ID=1329)
vuser_end.c(14):     HTTP/1.1 200 OK\r\n
vuser_end.c(14):     Server: nginx/1.17.10\r\n
vuser_end.c(14):     Date: Mon, 25 Jan 2021 13:41:29 GMT\r\n
vuser_end.c(14):     Content-Length: 0\r\n
vuser_end.c(14):     Connection: keep-alive\r\n
vuser_end.c(14):     Access-Control-Allow-Origin: *\r\n
vuser_end.c(14):     Set-Cookie: SESSION_TOKEN=;Version=1;Path=/;HttpOnly\r\n
vuser_end.c(14):     Access-Control-Allow-Headers: Content-Type\r\n
vuser_end.c(14):     Access-Control-Allow-Methods: GET, POST, DELETE, PUT\r\n
vuser_end.c(14):     \r\n
vuser_end.c(14): web_custom_request("logout_2") was successful, 0 body bytes, 306 header bytes  	[MsgId: MMSG-26386]
Ending action vuser_end.
Vuser Terminated.
Vuser 0 (thread 16864), ended OK."
